==> 1/5 epoch, previous best: 0.000
==> 1/5 epoch, previous best: 0.000
==> 1/5 epoch, previous best: 0.000
==> 1/5 epoch, previous best: 0.000
num of train batches:  72
==> 1/5 epoch, previous best: 0.000
num of train batches:  60
==> 1/5 epoch, previous best: 0.000
num of train batches:  60
==> 1/5 epoch, previous best: 0.000
num of train batches:  60
==> 1/5 epoch, previous best: 0.000
num of train batches:  60
==> 1/5 epoch, previous best: 0.000
num of train batches:  60
==> 1/5 epoch, previous best: 0.000
num of train batches:  60
==> 1/5 epoch, previous best: 0.000
num of train batches:  60
==> 1/5 epoch, previous best: 0.000
num of train batches:  60
==> 1/5 epoch, previous best: 0.000
num of train batches:  60
==> 1/5 epoch, previous best: 0.000
num of train batches:  60
==> 1/5 epoch, previous best: 0.000
num of train batches:  60
==> 1/5 epoch, previous best: 0.000
num of train batches:  60
==> 1/5 epoch, previous best: 0.000
num of train batches:  60
==> 1/5 epoch, previous best: 0.000
num of train batches:  60
==> 1/5 epoch, previous best: 0.000
num of train batches:  60
==> 1/5 epoch, previous best: 0.000
num of train batches:  60
==> 1/5 epoch, previous best: 0.000
num of train batches:  60
==> 1/5 epoch, previous best: 0.000
num of train batches:  60
==> 1/5 epoch, previous best: 0.000
loss: 0.7134; acc: 0.629, TP: 0.000, TN: 0.629, FN: 0.371, FP: 0.000
==> 2/5 epoch, previous best: 0.000
num of train batches:  60
==> 1/5 epoch, previous best: 0.000
loss: 0.7172; acc: 0.629, TP: 0.000, TN: 0.629, FN: 0.371, FP: 0.000
==> 2/5 epoch, previous best: 0.000
num of train batches:  60
num of train batches:  60
==> 1/5 epoch, previous best: 0.000
loss: 0.7044; acc: 0.628, TP: 0.000, TN: 0.628, FN: 0.371, FP: 0.001
==> 2/5 epoch, previous best: 0.000
loss: 0.7185; acc: 0.629, TP: 0.000, TN: 0.629, FN: 0.371, FP: 0.000
==> 3/5 epoch, previous best: 0.000
loss: 0.7424; acc: 0.629, TP: 0.000, TN: 0.629, FN: 0.371, FP: 0.000
==> 4/5 epoch, previous best: 0.000
loss: 0.7566; acc: 0.629, TP: 0.000, TN: 0.629, FN: 0.371, FP: 0.000
==> 5/5 epoch, previous best: 0.000
loss: 0.7602; acc: 0.629, TP: 0.000, TN: 0.629, FN: 0.371, FP: 0.000
==> 6/5 epoch, previous best: 0.000
loss: 0.7613; acc: 0.629, TP: 0.000, TN: 0.629, FN: 0.371, FP: 0.000
==> 7/5 epoch, previous best: 0.000
loss: 0.7616; acc: 0.629, TP: 0.000, TN: 0.629, FN: 0.371, FP: 0.000
==> 8/5 epoch, previous best: 0.000
loss: 0.7612; acc: 0.629, TP: 0.000, TN: 0.629, FN: 0.371, FP: 0.000
==> 9/5 epoch, previous best: 0.000
loss: 0.7598; acc: 0.629, TP: 0.000, TN: 0.629, FN: 0.371, FP: 0.000
==> 10/5 epoch, previous best: 0.000
loss: 0.7573; acc: 0.629, TP: 0.000, TN: 0.629, FN: 0.371, FP: 0.000
==> 11/5 epoch, previous best: 0.000
loss: 0.7543; acc: 0.629, TP: 0.000, TN: 0.629, FN: 0.371, FP: 0.000
==> 12/5 epoch, previous best: 0.000
loss: 0.7492; acc: 0.629, TP: 0.000, TN: 0.629, FN: 0.371, FP: 0.000
==> 13/5 epoch, previous best: 0.000
loss: 0.7443; acc: 0.629, TP: 0.000, TN: 0.629, FN: 0.371, FP: 0.000
==> 14/5 epoch, previous best: 0.000
loss: 0.7398; acc: 0.629, TP: 0.000, TN: 0.629, FN: 0.371, FP: 0.000
==> 15/5 epoch, previous best: 0.000
loss: 0.7298; acc: 0.629, TP: 0.000, TN: 0.629, FN: 0.371, FP: 0.000
==> 16/5 epoch, previous best: 0.000
loss: 0.7174; acc: 0.629, TP: 0.000, TN: 0.629, FN: 0.371, FP: 0.000
==> 17/5 epoch, previous best: 0.000
loss: 0.7109; acc: 0.629, TP: 0.000, TN: 0.629, FN: 0.371, FP: 0.000
==> 18/5 epoch, previous best: 0.000
loss: 0.7063; acc: 0.629, TP: 0.000, TN: 0.629, FN: 0.371, FP: 0.000
==> 19/5 epoch, previous best: 0.000
loss: 0.7265; acc: 0.601, TP: 0.000, TN: 0.601, FN: 0.371, FP: 0.028
==> 20/5 epoch, previous best: 0.000
loss: 0.7398; acc: 0.629, TP: 0.000, TN: 0.629, FN: 0.371, FP: 0.000
==> 21/5 epoch, previous best: 0.000
loss: 0.7295; acc: 0.629, TP: 0.000, TN: 0.629, FN: 0.371, FP: 0.000
==> 22/5 epoch, previous best: 0.000
loss: 0.7199; acc: 0.629, TP: 0.000, TN: 0.629, FN: 0.371, FP: 0.000
==> 23/5 epoch, previous best: 0.000
loss: 0.7142; acc: 0.629, TP: 0.000, TN: 0.629, FN: 0.371, FP: 0.000
==> 24/5 epoch, previous best: 0.000
loss: 0.7101; acc: 0.629, TP: 0.000, TN: 0.629, FN: 0.371, FP: 0.000
==> 25/5 epoch, previous best: 0.000
loss: 0.7061; acc: 0.631, TP: 0.002, TN: 0.629, FN: 0.369, FP: 0.000
==> 26/5 epoch, previous best: 0.000
loss: 0.7040; acc: 0.639, TP: 0.030, TN: 0.609, FN: 0.341, FP: 0.020
==> 27/5 epoch, previous best: 0.000
loss: 0.7023; acc: 0.639, TP: 0.030, TN: 0.609, FN: 0.341, FP: 0.020
==> 28/5 epoch, previous best: 0.000
loss: 0.7016; acc: 0.639, TP: 0.030, TN: 0.609, FN: 0.341, FP: 0.020
==> 29/5 epoch, previous best: 0.000
loss: 0.6997; acc: 0.639, TP: 0.030, TN: 0.609, FN: 0.341, FP: 0.020
==> 30/5 epoch, previous best: 0.000
num of train batches:  60
==> 1/30 epoch, previous best: 0.000
loss: 0.6991; acc: 0.541, TP: 0.085, TN: 0.455, FN: 0.286, FP: 0.174
==> 2/30 epoch, previous best: 0.000
loss: 0.7112; acc: 0.629, TP: 0.000, TN: 0.629, FN: 0.371, FP: 0.000
==> 3/30 epoch, previous best: 0.000
loss: 0.7350; acc: 0.629, TP: 0.000, TN: 0.629, FN: 0.371, FP: 0.000
==> 4/30 epoch, previous best: 0.000
loss: 0.7523; acc: 0.629, TP: 0.000, TN: 0.629, FN: 0.371, FP: 0.000
==> 5/30 epoch, previous best: 0.000
loss: 0.7561; acc: 0.629, TP: 0.000, TN: 0.629, FN: 0.371, FP: 0.000
==> 6/30 epoch, previous best: 0.000
loss: 0.7568; acc: 0.629, TP: 0.000, TN: 0.629, FN: 0.371, FP: 0.000
==> 7/30 epoch, previous best: 0.000
loss: 0.7566; acc: 0.629, TP: 0.000, TN: 0.629, FN: 0.371, FP: 0.000
==> 8/30 epoch, previous best: 0.000
loss: 0.7557; acc: 0.629, TP: 0.000, TN: 0.629, FN: 0.371, FP: 0.000
==> 9/30 epoch, previous best: 0.000
loss: 0.7540; acc: 0.629, TP: 0.000, TN: 0.629, FN: 0.371, FP: 0.000
==> 10/30 epoch, previous best: 0.000
loss: 0.7518; acc: 0.629, TP: 0.000, TN: 0.629, FN: 0.371, FP: 0.000
==> 11/30 epoch, previous best: 0.000
loss: 0.7478; acc: 0.629, TP: 0.000, TN: 0.629, FN: 0.371, FP: 0.000
==> 12/30 epoch, previous best: 0.000
loss: 0.7424; acc: 0.629, TP: 0.000, TN: 0.629, FN: 0.371, FP: 0.000
==> 13/30 epoch, previous best: 0.000
loss: 0.7366; acc: 0.629, TP: 0.000, TN: 0.629, FN: 0.371, FP: 0.000
==> 14/30 epoch, previous best: 0.000
loss: 0.7287; acc: 0.629, TP: 0.000, TN: 0.629, FN: 0.371, FP: 0.000
==> 15/30 epoch, previous best: 0.000
loss: 0.7177; acc: 0.629, TP: 0.000, TN: 0.629, FN: 0.371, FP: 0.000
==> 16/30 epoch, previous best: 0.000
loss: 0.7091; acc: 0.629, TP: 0.000, TN: 0.629, FN: 0.371, FP: 0.000
==> 17/30 epoch, previous best: 0.000
loss: 0.7084; acc: 0.630, TP: 0.001, TN: 0.629, FN: 0.370, FP: 0.000
==> 18/30 epoch, previous best: 0.000
loss: 0.7053; acc: 0.639, TP: 0.030, TN: 0.609, FN: 0.341, FP: 0.020
==> 19/30 epoch, previous best: 0.000
loss: 0.7031; acc: 0.638, TP: 0.028, TN: 0.610, FN: 0.343, FP: 0.019
==> 20/30 epoch, previous best: 0.000
loss: 0.7059; acc: 0.492, TP: 0.078, TN: 0.413, FN: 0.293, FP: 0.215
==> 21/30 epoch, previous best: 0.000
loss: 0.7160; acc: 0.557, TP: 0.045, TN: 0.513, FN: 0.327, FP: 0.116
==> 22/30 epoch, previous best: 0.000
loss: 0.7259; acc: 0.629, TP: 0.000, TN: 0.629, FN: 0.371, FP: 0.000
==> 23/30 epoch, previous best: 0.000
loss: 0.7351; acc: 0.629, TP: 0.000, TN: 0.629, FN: 0.371, FP: 0.000
==> 24/30 epoch, previous best: 0.000
loss: 0.7430; acc: 0.629, TP: 0.000, TN: 0.629, FN: 0.371, FP: 0.000
==> 25/30 epoch, previous best: 0.000
loss: 0.7493; acc: 0.629, TP: 0.000, TN: 0.629, FN: 0.371, FP: 0.000
==> 26/30 epoch, previous best: 0.000
loss: 0.7539; acc: 0.629, TP: 0.000, TN: 0.629, FN: 0.371, FP: 0.000
==> 27/30 epoch, previous best: 0.000
loss: 0.7563; acc: 0.629, TP: 0.000, TN: 0.629, FN: 0.371, FP: 0.000
==> 28/30 epoch, previous best: 0.000
loss: 0.7441; acc: 0.629, TP: 0.000, TN: 0.629, FN: 0.371, FP: 0.000
==> 29/30 epoch, previous best: 0.000
loss: 0.7357; acc: 0.629, TP: 0.000, TN: 0.629, FN: 0.371, FP: 0.000
==> 30/30 epoch, previous best: 0.000
loss: 0.7296; acc: 0.629, TP: 0.000, TN: 0.629, FN: 0.371, FP: 0.000
num of train batches:  60
==> 1/20 epoch, previous best: 0.000
loss: 0.6919; acc: 0.411, TP: 0.337, TN: 0.074, FN: 0.034, FP: 0.555
==> 2/20 epoch, previous best: 0.000
loss: 0.7083; acc: 0.612, TP: 0.016, TN: 0.597, FN: 0.355, FP: 0.032
==> 3/20 epoch, previous best: 0.000
loss: 0.7409; acc: 0.629, TP: 0.000, TN: 0.629, FN: 0.371, FP: 0.000
==> 4/20 epoch, previous best: 0.000
loss: 0.7553; acc: 0.629, TP: 0.000, TN: 0.629, FN: 0.371, FP: 0.000
==> 5/20 epoch, previous best: 0.000
loss: 0.7577; acc: 0.629, TP: 0.000, TN: 0.629, FN: 0.371, FP: 0.000
==> 6/20 epoch, previous best: 0.000
loss: 0.7579; acc: 0.629, TP: 0.000, TN: 0.629, FN: 0.371, FP: 0.000
==> 7/20 epoch, previous best: 0.000
loss: 0.7579; acc: 0.629, TP: 0.000, TN: 0.629, FN: 0.371, FP: 0.000
==> 8/20 epoch, previous best: 0.000
loss: 0.7564; acc: 0.629, TP: 0.000, TN: 0.629, FN: 0.371, FP: 0.000
==> 9/20 epoch, previous best: 0.000
loss: 0.7550; acc: 0.629, TP: 0.000, TN: 0.629, FN: 0.371, FP: 0.000
==> 10/20 epoch, previous best: 0.000
loss: 0.7537; acc: 0.629, TP: 0.000, TN: 0.629, FN: 0.371, FP: 0.000
==> 11/20 epoch, previous best: 0.000
loss: 0.7508; acc: 0.629, TP: 0.000, TN: 0.629, FN: 0.371, FP: 0.000
==> 12/20 epoch, previous best: 0.000
loss: 0.7488; acc: 0.629, TP: 0.000, TN: 0.629, FN: 0.371, FP: 0.000
==> 13/20 epoch, previous best: 0.000
loss: 0.7457; acc: 0.629, TP: 0.000, TN: 0.629, FN: 0.371, FP: 0.000
==> 14/20 epoch, previous best: 0.000
loss: 0.7413; acc: 0.629, TP: 0.000, TN: 0.629, FN: 0.371, FP: 0.000
==> 15/20 epoch, previous best: 0.000
loss: 0.7373; acc: 0.629, TP: 0.000, TN: 0.629, FN: 0.371, FP: 0.000
==> 16/20 epoch, previous best: 0.000
loss: 0.7316; acc: 0.629, TP: 0.000, TN: 0.629, FN: 0.371, FP: 0.000
==> 17/20 epoch, previous best: 0.000
loss: 0.7173; acc: 0.629, TP: 0.000, TN: 0.629, FN: 0.371, FP: 0.000
==> 18/20 epoch, previous best: 0.000
loss: 0.7015; acc: 0.629, TP: 0.000, TN: 0.629, FN: 0.371, FP: 0.000
==> 19/20 epoch, previous best: 0.000
loss: 0.7197; acc: 0.601, TP: 0.000, TN: 0.601, FN: 0.371, FP: 0.028
==> 20/20 epoch, previous best: 0.000
loss: 0.7365; acc: 0.629, TP: 0.000, TN: 0.629, FN: 0.371, FP: 0.000
num of train batches:  60
==> 1/20 epoch, previous best: 0.000
loss: 0.7120; acc: 0.629, TP: 0.000, TN: 0.629, FN: 0.371, FP: 0.000
==> 2/20 epoch, previous best: 0.000
loss: 0.7251; acc: 0.629, TP: 0.000, TN: 0.629, FN: 0.371, FP: 0.000
==> 3/20 epoch, previous best: 0.000
loss: 0.7447; acc: 0.629, TP: 0.000, TN: 0.629, FN: 0.371, FP: 0.000
==> 4/20 epoch, previous best: 0.000
loss: 0.7556; acc: 0.629, TP: 0.000, TN: 0.629, FN: 0.371, FP: 0.000
==> 5/20 epoch, previous best: 0.000
loss: 0.7589; acc: 0.629, TP: 0.000, TN: 0.629, FN: 0.371, FP: 0.000
==> 6/20 epoch, previous best: 0.000
loss: 0.7595; acc: 0.629, TP: 0.000, TN: 0.629, FN: 0.371, FP: 0.000
==> 7/20 epoch, previous best: 0.000
loss: 0.7597; acc: 0.629, TP: 0.000, TN: 0.629, FN: 0.371, FP: 0.000
==> 8/20 epoch, previous best: 0.000
loss: 0.7585; acc: 0.629, TP: 0.000, TN: 0.629, FN: 0.371, FP: 0.000
==> 9/20 epoch, previous best: 0.000
loss: 0.7571; acc: 0.629, TP: 0.000, TN: 0.629, FN: 0.371, FP: 0.000
==> 10/20 epoch, previous best: 0.000
loss: 0.7535; acc: 0.629, TP: 0.000, TN: 0.629, FN: 0.371, FP: 0.000
==> 11/20 epoch, previous best: 0.000
loss: 0.7482; acc: 0.629, TP: 0.000, TN: 0.629, FN: 0.371, FP: 0.000
==> 12/20 epoch, previous best: 0.000
loss: 0.7410; acc: 0.629, TP: 0.000, TN: 0.629, FN: 0.371, FP: 0.000
==> 13/20 epoch, previous best: 0.000
loss: 0.7347; acc: 0.629, TP: 0.000, TN: 0.629, FN: 0.371, FP: 0.000
==> 14/20 epoch, previous best: 0.000
loss: 0.7235; acc: 0.629, TP: 0.000, TN: 0.629, FN: 0.371, FP: 0.000
==> 15/20 epoch, previous best: 0.000
loss: 0.7153; acc: 0.629, TP: 0.000, TN: 0.629, FN: 0.371, FP: 0.000
==> 16/20 epoch, previous best: 0.000
loss: 0.7194; acc: 0.623, TP: 0.000, TN: 0.623, FN: 0.371, FP: 0.006
==> 17/20 epoch, previous best: 0.000
loss: 0.7141; acc: 0.629, TP: 0.000, TN: 0.629, FN: 0.371, FP: 0.000
==> 18/20 epoch, previous best: 0.000
loss: 0.7098; acc: 0.629, TP: 0.000, TN: 0.629, FN: 0.371, FP: 0.000
==> 19/20 epoch, previous best: 0.000
loss: 0.7096; acc: 0.626, TP: 0.000, TN: 0.626, FN: 0.371, FP: 0.003
==> 20/20 epoch, previous best: 0.000
loss: 0.7054; acc: 0.630, TP: 0.003, TN: 0.627, FN: 0.368, FP: 0.001
num of train batches:  40
==> 1/20 epoch, previous best: 0.000
loss: 0.6779; acc: 0.551, TP: 0.216, TN: 0.335, FN: 0.096, FP: 0.353
num of train batches:  40
==> 1/20 epoch, previous best: 0.000
loss: 0.6900; acc: 0.359, TP: 0.308, TN: 0.051, FN: 0.004, FP: 0.637
num of train batches:  40
num of train batches:  40
num of train batches:  40
num of train batches:  40
==> 1/20 epoch, previous best: 0.000
loss: 0.6620; acc: 0.688, TP: 0.000, TN: 0.688, FN: 0.312, FP: 0.000
acc: 0.425, TP: 0.000, TN: 0.425, FN: 0.575, FP: 0.000
==> 2/20 epoch, previous best: 0.425
loss: 0.6278; acc: 0.688, TP: 0.000, TN: 0.688, FN: 0.312, FP: 0.000
acc: 0.425, TP: 0.000, TN: 0.425, FN: 0.575, FP: 0.000
==> 3/20 epoch, previous best: 0.425
loss: 0.5813; acc: 0.688, TP: 0.000, TN: 0.688, FN: 0.312, FP: 0.000
acc: 0.425, TP: 0.000, TN: 0.425, FN: 0.575, FP: 0.000
==> 4/20 epoch, previous best: 0.425
loss: 0.5479; acc: 0.688, TP: 0.000, TN: 0.688, FN: 0.312, FP: 0.000
acc: 0.425, TP: 0.000, TN: 0.425, FN: 0.575, FP: 0.000
==> 5/20 epoch, previous best: 0.425
loss: 0.5385; acc: 0.688, TP: 0.000, TN: 0.688, FN: 0.312, FP: 0.000
acc: 0.425, TP: 0.000, TN: 0.425, FN: 0.575, FP: 0.000
==> 6/20 epoch, previous best: 0.425
loss: 0.5324; acc: 0.688, TP: 0.000, TN: 0.688, FN: 0.312, FP: 0.000
acc: 0.425, TP: 0.000, TN: 0.425, FN: 0.575, FP: 0.000
==> 7/20 epoch, previous best: 0.425
loss: 0.5267; acc: 0.688, TP: 0.000, TN: 0.688, FN: 0.312, FP: 0.000
acc: 0.425, TP: 0.000, TN: 0.425, FN: 0.575, FP: 0.000
==> 8/20 epoch, previous best: 0.425
loss: 0.5214; acc: 0.688, TP: 0.000, TN: 0.688, FN: 0.312, FP: 0.000
acc: 0.425, TP: 0.000, TN: 0.425, FN: 0.575, FP: 0.000
==> 9/20 epoch, previous best: 0.425
loss: 0.5165; acc: 0.688, TP: 0.000, TN: 0.688, FN: 0.312, FP: 0.000
acc: 0.425, TP: 0.000, TN: 0.425, FN: 0.575, FP: 0.000
==> 10/20 epoch, previous best: 0.425
loss: 0.5125; acc: 0.688, TP: 0.000, TN: 0.688, FN: 0.312, FP: 0.000
acc: 0.425, TP: 0.000, TN: 0.425, FN: 0.575, FP: 0.000
==> 11/20 epoch, previous best: 0.425
loss: 0.5101; acc: 0.688, TP: 0.000, TN: 0.688, FN: 0.312, FP: 0.000
acc: 0.425, TP: 0.000, TN: 0.425, FN: 0.575, FP: 0.000
==> 12/20 epoch, previous best: 0.425
loss: 0.5116; acc: 0.688, TP: 0.000, TN: 0.688, FN: 0.312, FP: 0.000
acc: 0.425, TP: 0.000, TN: 0.425, FN: 0.575, FP: 0.000
==> 13/20 epoch, previous best: 0.425
loss: 0.5185; acc: 0.688, TP: 0.000, TN: 0.688, FN: 0.312, FP: 0.000
acc: 0.425, TP: 0.000, TN: 0.425, FN: 0.575, FP: 0.000
==> 14/20 epoch, previous best: 0.425
loss: 0.5252; acc: 0.688, TP: 0.000, TN: 0.688, FN: 0.312, FP: 0.000
acc: 0.425, TP: 0.000, TN: 0.425, FN: 0.575, FP: 0.000
==> 15/20 epoch, previous best: 0.425
loss: 0.5326; acc: 0.688, TP: 0.000, TN: 0.688, FN: 0.312, FP: 0.000
acc: 0.425, TP: 0.000, TN: 0.425, FN: 0.575, FP: 0.000
==> 16/20 epoch, previous best: 0.425
loss: 0.5348; acc: 0.688, TP: 0.000, TN: 0.688, FN: 0.312, FP: 0.000
acc: 0.425, TP: 0.000, TN: 0.425, FN: 0.575, FP: 0.000
==> 17/20 epoch, previous best: 0.425
loss: 0.5413; acc: 0.688, TP: 0.000, TN: 0.688, FN: 0.312, FP: 0.000
acc: 0.425, TP: 0.000, TN: 0.425, FN: 0.575, FP: 0.000
==> 18/20 epoch, previous best: 0.425
loss: 0.5312; acc: 0.688, TP: 0.000, TN: 0.688, FN: 0.312, FP: 0.000
acc: 0.425, TP: 0.000, TN: 0.425, FN: 0.575, FP: 0.000
==> 19/20 epoch, previous best: 0.425
loss: 0.5239; acc: 0.688, TP: 0.000, TN: 0.688, FN: 0.312, FP: 0.000
acc: 0.425, TP: 0.000, TN: 0.425, FN: 0.575, FP: 0.000
==> 20/20 epoch, previous best: 0.425
loss: 0.5317; acc: 0.688, TP: 0.000, TN: 0.688, FN: 0.312, FP: 0.000
acc: 0.425, TP: 0.000, TN: 0.425, FN: 0.575, FP: 0.000
num of train batches:  40
==> 1/20 epoch, previous best: 0.000
loss: 0.6605; acc: 0.688, TP: 0.000, TN: 0.688, FN: 0.312, FP: 0.000
acc: 0.425, TP: 0.000, TN: 0.425, FN: 0.575, FP: 0.000
==> 2/20 epoch, previous best: 0.425
num of train batches:  40
==> 1/20 epoch, previous best: 0.000
loss: 0.6741; acc: 0.315, TP: 0.312, TN: 0.003, FN: 0.000, FP: 0.685
acc: 0.425, TP: 0.000, TN: 0.425, FN: 0.575, FP: 0.000
==> 2/20 epoch, previous best: 0.425
loss: 0.6411; acc: 0.381, TP: 0.310, TN: 0.070, FN: 0.002, FP: 0.618
acc: 0.425, TP: 0.000, TN: 0.425, FN: 0.575, FP: 0.000
==> 3/20 epoch, previous best: 0.425
loss: 0.5886; acc: 0.632, TP: 0.081, TN: 0.551, FN: 0.231, FP: 0.137
acc: 0.425, TP: 0.000, TN: 0.425, FN: 0.575, FP: 0.000
==> 4/20 epoch, previous best: 0.425
loss: 0.5433; acc: 0.686, TP: 0.000, TN: 0.686, FN: 0.312, FP: 0.002
acc: 0.425, TP: 0.000, TN: 0.425, FN: 0.575, FP: 0.000
==> 5/20 epoch, previous best: 0.425
loss: 0.5338; acc: 0.688, TP: 0.000, TN: 0.688, FN: 0.312, FP: 0.000
acc: 0.425, TP: 0.000, TN: 0.425, FN: 0.575, FP: 0.000
==> 6/20 epoch, previous best: 0.425
loss: 0.5277; acc: 0.688, TP: 0.000, TN: 0.688, FN: 0.312, FP: 0.000
acc: 0.425, TP: 0.000, TN: 0.425, FN: 0.575, FP: 0.000
==> 7/20 epoch, previous best: 0.425
loss: 0.5224; acc: 0.688, TP: 0.000, TN: 0.688, FN: 0.312, FP: 0.000
acc: 0.425, TP: 0.000, TN: 0.425, FN: 0.575, FP: 0.000
==> 8/20 epoch, previous best: 0.425
loss: 0.5177; acc: 0.688, TP: 0.000, TN: 0.688, FN: 0.312, FP: 0.000
acc: 0.425, TP: 0.000, TN: 0.425, FN: 0.575, FP: 0.000
==> 9/20 epoch, previous best: 0.425
loss: 0.5137; acc: 0.688, TP: 0.000, TN: 0.688, FN: 0.312, FP: 0.000
acc: 0.425, TP: 0.000, TN: 0.425, FN: 0.575, FP: 0.000
==> 10/20 epoch, previous best: 0.425
loss: 0.5106; acc: 0.688, TP: 0.000, TN: 0.688, FN: 0.312, FP: 0.000
acc: 0.425, TP: 0.000, TN: 0.425, FN: 0.575, FP: 0.000
==> 11/20 epoch, previous best: 0.425
loss: 0.5088; acc: 0.688, TP: 0.000, TN: 0.688, FN: 0.312, FP: 0.000
acc: 0.425, TP: 0.000, TN: 0.425, FN: 0.575, FP: 0.000
==> 12/20 epoch, previous best: 0.425
loss: 0.5099; acc: 0.695, TP: 0.011, TN: 0.684, FN: 0.301, FP: 0.004
acc: 0.425, TP: 0.000, TN: 0.425, FN: 0.575, FP: 0.000
==> 13/20 epoch, previous best: 0.425
loss: 0.5148; acc: 0.694, TP: 0.023, TN: 0.670, FN: 0.289, FP: 0.018
acc: 0.425, TP: 0.000, TN: 0.425, FN: 0.575, FP: 0.000
==> 14/20 epoch, previous best: 0.425
loss: 0.5208; acc: 0.716, TP: 0.051, TN: 0.665, FN: 0.261, FP: 0.023
acc: 0.425, TP: 0.000, TN: 0.425, FN: 0.575, FP: 0.000
==> 15/20 epoch, previous best: 0.425
loss: 0.5270; acc: 0.708, TP: 0.052, TN: 0.656, FN: 0.260, FP: 0.031
acc: 0.425, TP: 0.000, TN: 0.425, FN: 0.575, FP: 0.000
==> 16/20 epoch, previous best: 0.425
loss: 0.5313; acc: 0.706, TP: 0.090, TN: 0.617, FN: 0.222, FP: 0.071
acc: 0.425, TP: 0.000, TN: 0.425, FN: 0.575, FP: 0.000
==> 17/20 epoch, previous best: 0.425
loss: 0.5339; acc: 0.701, TP: 0.123, TN: 0.578, FN: 0.189, FP: 0.110
acc: 0.425, TP: 0.000, TN: 0.425, FN: 0.575, FP: 0.000
==> 18/20 epoch, previous best: 0.425
loss: 0.5357; acc: 0.697, TP: 0.152, TN: 0.545, FN: 0.160, FP: 0.143
acc: 0.425, TP: 0.000, TN: 0.425, FN: 0.575, FP: 0.000
==> 19/20 epoch, previous best: 0.425
loss: 0.5368; acc: 0.705, TP: 0.170, TN: 0.534, FN: 0.142, FP: 0.154
acc: 0.425, TP: 0.000, TN: 0.425, FN: 0.575, FP: 0.000
==> 20/20 epoch, previous best: 0.425
loss: 0.5379; acc: 0.710, TP: 0.181, TN: 0.530, FN: 0.131, FP: 0.158
acc: 0.425, TP: 0.000, TN: 0.425, FN: 0.575, FP: 0.000
num of train batches:  40
==> 1/20 epoch, previous best: 0.000
num of train batches:  40
==> 1/20 epoch, previous best: 0.000
loss: 0.6838; acc: 0.419, TP: 0.286, TN: 0.132, FN: 0.026, FP: 0.556
acc: 0.530, TP: 0.441, TN: 0.089, FN: 0.134, FP: 0.335
==> 2/20 epoch, previous best: 0.530
loss: 0.6395; acc: 0.674, TP: 0.004, TN: 0.670, FN: 0.308, FP: 0.018
acc: 0.425, TP: 0.000, TN: 0.425, FN: 0.575, FP: 0.000
==> 3/20 epoch, previous best: 0.530
loss: 0.5805; acc: 0.688, TP: 0.000, TN: 0.688, FN: 0.312, FP: 0.000
acc: 0.425, TP: 0.000, TN: 0.425, FN: 0.575, FP: 0.000
==> 4/20 epoch, previous best: 0.530
loss: 0.5460; acc: 0.688, TP: 0.000, TN: 0.688, FN: 0.312, FP: 0.000
acc: 0.425, TP: 0.000, TN: 0.425, FN: 0.575, FP: 0.000
==> 5/20 epoch, previous best: 0.530
loss: 0.5379; acc: 0.688, TP: 0.000, TN: 0.688, FN: 0.312, FP: 0.000
acc: 0.425, TP: 0.000, TN: 0.425, FN: 0.575, FP: 0.000
==> 6/20 epoch, previous best: 0.530
loss: 0.5323; acc: 0.688, TP: 0.000, TN: 0.688, FN: 0.312, FP: 0.000
acc: 0.425, TP: 0.000, TN: 0.425, FN: 0.575, FP: 0.000
==> 7/20 epoch, previous best: 0.530
num of train batches:  40
==> 1/20 epoch, previous best: 0.000
num of train batches:  40
==> 1/20 epoch, previous best: 0.000
loss: 0.6573; acc: 0.600, TP: 0.081, TN: 0.519, FN: 0.231, FP: 0.169
acc: 0.425, TP: 0.000, TN: 0.425, FN: 0.575, FP: 0.000
==> 2/20 epoch, previous best: 0.425
num of train batches:  40
==> 1/20 epoch, previous best: 0.000
num of train batches:  40
==> 1/20 epoch, previous best: 0.000
loss: 0.6897; acc: 0.371, TP: 0.306, TN: 0.065, FN: 0.006, FP: 0.623
acc: 0.530, TP: 0.441, TN: 0.089, FN: 0.134, FP: 0.335
==> 2/20 epoch, previous best: 0.530
loss: 0.6507; acc: 0.633, TP: 0.019, TN: 0.615, FN: 0.294, FP: 0.073
acc: 0.425, TP: 0.000, TN: 0.425, FN: 0.575, FP: 0.000
==> 3/20 epoch, previous best: 0.530
loss: 0.5894; acc: 0.688, TP: 0.000, TN: 0.688, FN: 0.312, FP: 0.000
acc: 0.425, TP: 0.000, TN: 0.425, FN: 0.575, FP: 0.000
==> 4/20 epoch, previous best: 0.530
loss: 0.5450; acc: 0.688, TP: 0.000, TN: 0.688, FN: 0.312, FP: 0.000
acc: 0.425, TP: 0.000, TN: 0.425, FN: 0.575, FP: 0.000
==> 5/20 epoch, previous best: 0.530
loss: 0.5362; acc: 0.688, TP: 0.000, TN: 0.688, FN: 0.312, FP: 0.000
acc: 0.425, TP: 0.000, TN: 0.425, FN: 0.575, FP: 0.000
==> 6/20 epoch, previous best: 0.530
loss: 0.5301; acc: 0.688, TP: 0.000, TN: 0.688, FN: 0.312, FP: 0.000
acc: 0.425, TP: 0.000, TN: 0.425, FN: 0.575, FP: 0.000
==> 7/20 epoch, previous best: 0.530
loss: 0.5247; acc: 0.688, TP: 0.000, TN: 0.688, FN: 0.312, FP: 0.000
acc: 0.425, TP: 0.000, TN: 0.425, FN: 0.575, FP: 0.000
==> 8/20 epoch, previous best: 0.530
loss: 0.5201; acc: 0.688, TP: 0.000, TN: 0.688, FN: 0.312, FP: 0.000
acc: 0.425, TP: 0.000, TN: 0.425, FN: 0.575, FP: 0.000
==> 9/20 epoch, previous best: 0.530
num of train batches:  40
==> 1/20 epoch, previous best: 0.000
loss: 0.6651; acc: 0.688, TP: 0.000, TN: 0.688, FN: 0.312, FP: 0.000
acc: 0.425, TP: 0.000, TN: 0.425, FN: 0.575, FP: 0.000
==> 2/20 epoch, previous best: 0.425
loss: 0.6329; acc: 0.688, TP: 0.000, TN: 0.688, FN: 0.312, FP: 0.000
acc: 0.425, TP: 0.000, TN: 0.425, FN: 0.575, FP: 0.000
==> 3/20 epoch, previous best: 0.425
loss: 0.5857; acc: 0.688, TP: 0.000, TN: 0.688, FN: 0.312, FP: 0.000
acc: 0.425, TP: 0.000, TN: 0.425, FN: 0.575, FP: 0.000
==> 4/20 epoch, previous best: 0.425
loss: 0.5472; acc: 0.688, TP: 0.000, TN: 0.688, FN: 0.312, FP: 0.000
acc: 0.425, TP: 0.000, TN: 0.425, FN: 0.575, FP: 0.000
==> 5/20 epoch, previous best: 0.425
loss: 0.5361; acc: 0.688, TP: 0.000, TN: 0.688, FN: 0.312, FP: 0.000
acc: 0.425, TP: 0.000, TN: 0.425, FN: 0.575, FP: 0.000
==> 6/20 epoch, previous best: 0.425
loss: 0.5297; acc: 0.688, TP: 0.000, TN: 0.688, FN: 0.312, FP: 0.000
acc: 0.425, TP: 0.000, TN: 0.425, FN: 0.575, FP: 0.000
==> 7/20 epoch, previous best: 0.425
loss: 0.5239; acc: 0.688, TP: 0.000, TN: 0.688, FN: 0.312, FP: 0.000
acc: 0.425, TP: 0.000, TN: 0.425, FN: 0.575, FP: 0.000
==> 8/20 epoch, previous best: 0.425
loss: 0.5187; acc: 0.688, TP: 0.000, TN: 0.688, FN: 0.312, FP: 0.000
acc: 0.425, TP: 0.000, TN: 0.425, FN: 0.575, FP: 0.000
==> 9/20 epoch, previous best: 0.425
loss: 0.5140; acc: 0.688, TP: 0.000, TN: 0.688, FN: 0.312, FP: 0.000
acc: 0.425, TP: 0.000, TN: 0.425, FN: 0.575, FP: 0.000
==> 10/20 epoch, previous best: 0.425
loss: 0.5099; acc: 0.688, TP: 0.000, TN: 0.688, FN: 0.312, FP: 0.000
acc: 0.425, TP: 0.000, TN: 0.425, FN: 0.575, FP: 0.000
==> 11/20 epoch, previous best: 0.425
loss: 0.5070; acc: 0.688, TP: 0.000, TN: 0.688, FN: 0.312, FP: 0.000
acc: 0.425, TP: 0.000, TN: 0.425, FN: 0.575, FP: 0.000
==> 12/20 epoch, previous best: 0.425
loss: 0.5063; acc: 0.688, TP: 0.000, TN: 0.688, FN: 0.312, FP: 0.000
acc: 0.425, TP: 0.000, TN: 0.425, FN: 0.575, FP: 0.000
==> 13/20 epoch, previous best: 0.425
loss: 0.5098; acc: 0.688, TP: 0.000, TN: 0.688, FN: 0.312, FP: 0.000
acc: 0.425, TP: 0.000, TN: 0.425, FN: 0.575, FP: 0.000
==> 14/20 epoch, previous best: 0.425
loss: 0.5162; acc: 0.688, TP: 0.000, TN: 0.688, FN: 0.312, FP: 0.000
acc: 0.425, TP: 0.000, TN: 0.425, FN: 0.575, FP: 0.000
==> 15/20 epoch, previous best: 0.425
loss: 0.5222; acc: 0.688, TP: 0.000, TN: 0.688, FN: 0.312, FP: 0.000
acc: 0.425, TP: 0.000, TN: 0.425, FN: 0.575, FP: 0.000
==> 16/20 epoch, previous best: 0.425
loss: 0.5282; acc: 0.686, TP: 0.003, TN: 0.683, FN: 0.309, FP: 0.005
acc: 0.425, TP: 0.000, TN: 0.425, FN: 0.575, FP: 0.000
==> 17/20 epoch, previous best: 0.425
loss: 0.5244; acc: 0.675, TP: 0.016, TN: 0.659, FN: 0.296, FP: 0.029
acc: 0.425, TP: 0.000, TN: 0.425, FN: 0.575, FP: 0.000
==> 18/20 epoch, previous best: 0.425
loss: 0.5289; acc: 0.679, TP: 0.006, TN: 0.672, FN: 0.306, FP: 0.016
acc: 0.425, TP: 0.000, TN: 0.425, FN: 0.575, FP: 0.000
==> 19/20 epoch, previous best: 0.425
loss: 0.5281; acc: 0.688, TP: 0.000, TN: 0.688, FN: 0.312, FP: 0.000
acc: 0.425, TP: 0.000, TN: 0.425, FN: 0.575, FP: 0.000
==> 20/20 epoch, previous best: 0.425
loss: 0.5337; acc: 0.682, TP: 0.005, TN: 0.678, FN: 0.307, FP: 0.010
acc: 0.425, TP: 0.000, TN: 0.425, FN: 0.575, FP: 0.000
num of train batches:  40
==> 1/20 epoch, previous best: 0.000
loss: 0.6795; acc: 0.530, TP: 0.222, TN: 0.307, FN: 0.090, FP: 0.381
acc: 0.425, TP: 0.000, TN: 0.425, FN: 0.575, FP: 0.000
==> 2/20 epoch, previous best: 0.425
loss: 0.6434; acc: 0.688, TP: 0.000, TN: 0.688, FN: 0.312, FP: 0.000
acc: 0.425, TP: 0.000, TN: 0.425, FN: 0.575, FP: 0.000
==> 3/20 epoch, previous best: 0.425
loss: 0.5873; acc: 0.688, TP: 0.000, TN: 0.688, FN: 0.312, FP: 0.000
acc: 0.425, TP: 0.000, TN: 0.425, FN: 0.575, FP: 0.000
==> 4/20 epoch, previous best: 0.425
loss: 0.5455; acc: 0.688, TP: 0.000, TN: 0.688, FN: 0.312, FP: 0.000
acc: 0.425, TP: 0.000, TN: 0.425, FN: 0.575, FP: 0.000
==> 5/20 epoch, previous best: 0.425
loss: 0.5349; acc: 0.688, TP: 0.000, TN: 0.688, FN: 0.312, FP: 0.000
acc: 0.425, TP: 0.000, TN: 0.425, FN: 0.575, FP: 0.000
==> 6/20 epoch, previous best: 0.425
loss: 0.5286; acc: 0.688, TP: 0.000, TN: 0.688, FN: 0.312, FP: 0.000
acc: 0.425, TP: 0.000, TN: 0.425, FN: 0.575, FP: 0.000
==> 7/20 epoch, previous best: 0.425
loss: 0.5227; acc: 0.688, TP: 0.000, TN: 0.688, FN: 0.312, FP: 0.000
acc: 0.425, TP: 0.000, TN: 0.425, FN: 0.575, FP: 0.000
==> 8/20 epoch, previous best: 0.425
loss: 0.5173; acc: 0.688, TP: 0.000, TN: 0.688, FN: 0.312, FP: 0.000
acc: 0.425, TP: 0.000, TN: 0.425, FN: 0.575, FP: 0.000
==> 9/20 epoch, previous best: 0.425
loss: 0.5127; acc: 0.688, TP: 0.000, TN: 0.688, FN: 0.312, FP: 0.000
acc: 0.425, TP: 0.000, TN: 0.425, FN: 0.575, FP: 0.000
==> 10/20 epoch, previous best: 0.425
loss: 0.5089; acc: 0.688, TP: 0.000, TN: 0.688, FN: 0.312, FP: 0.000
acc: 0.425, TP: 0.000, TN: 0.425, FN: 0.575, FP: 0.000
==> 11/20 epoch, previous best: 0.425
loss: 0.5063; acc: 0.688, TP: 0.000, TN: 0.688, FN: 0.312, FP: 0.000
acc: 0.425, TP: 0.000, TN: 0.425, FN: 0.575, FP: 0.000
==> 12/20 epoch, previous best: 0.425
loss: 0.5057; acc: 0.688, TP: 0.000, TN: 0.688, FN: 0.312, FP: 0.000
acc: 0.425, TP: 0.000, TN: 0.425, FN: 0.575, FP: 0.000
==> 13/20 epoch, previous best: 0.425
loss: 0.5085; acc: 0.688, TP: 0.000, TN: 0.688, FN: 0.312, FP: 0.000
acc: 0.425, TP: 0.000, TN: 0.425, FN: 0.575, FP: 0.000
==> 14/20 epoch, previous best: 0.425
loss: 0.5148; acc: 0.688, TP: 0.000, TN: 0.688, FN: 0.312, FP: 0.000
acc: 0.425, TP: 0.000, TN: 0.425, FN: 0.575, FP: 0.000
==> 15/20 epoch, previous best: 0.425
loss: 0.5222; acc: 0.688, TP: 0.000, TN: 0.688, FN: 0.312, FP: 0.000
acc: 0.425, TP: 0.000, TN: 0.425, FN: 0.575, FP: 0.000
==> 16/20 epoch, previous best: 0.425
loss: 0.5282; acc: 0.688, TP: 0.000, TN: 0.688, FN: 0.312, FP: 0.000
acc: 0.425, TP: 0.000, TN: 0.425, FN: 0.575, FP: 0.000
==> 17/20 epoch, previous best: 0.425
loss: 0.5326; acc: 0.688, TP: 0.000, TN: 0.688, FN: 0.312, FP: 0.000
acc: 0.425, TP: 0.000, TN: 0.425, FN: 0.575, FP: 0.000
==> 18/20 epoch, previous best: 0.425
loss: 0.5345; acc: 0.688, TP: 0.000, TN: 0.688, FN: 0.312, FP: 0.000
acc: 0.425, TP: 0.000, TN: 0.425, FN: 0.575, FP: 0.000
==> 19/20 epoch, previous best: 0.425
loss: 0.5371; acc: 0.688, TP: 0.000, TN: 0.688, FN: 0.312, FP: 0.000
acc: 0.425, TP: 0.000, TN: 0.425, FN: 0.575, FP: 0.000
==> 20/20 epoch, previous best: 0.425
loss: 0.5279; acc: 0.683, TP: 0.000, TN: 0.683, FN: 0.312, FP: 0.005
acc: 0.425, TP: 0.000, TN: 0.425, FN: 0.575, FP: 0.000
num of train batches:  40
==> 1/20 epoch, previous best: 0.000
loss: 0.6510; acc: 0.688, TP: 0.000, TN: 0.688, FN: 0.312, FP: 0.000
acc: 0.425, TP: 0.000, TN: 0.425, FN: 0.575, FP: 0.000
==> 2/20 epoch, previous best: 0.425
loss: 0.6202; acc: 0.688, TP: 0.000, TN: 0.688, FN: 0.312, FP: 0.000
acc: 0.425, TP: 0.000, TN: 0.425, FN: 0.575, FP: 0.000
==> 3/20 epoch, previous best: 0.425
loss: 0.5761; acc: 0.688, TP: 0.000, TN: 0.688, FN: 0.312, FP: 0.000
acc: 0.425, TP: 0.000, TN: 0.425, FN: 0.575, FP: 0.000
==> 4/20 epoch, previous best: 0.425
loss: 0.5423; acc: 0.688, TP: 0.000, TN: 0.688, FN: 0.312, FP: 0.000
acc: 0.425, TP: 0.000, TN: 0.425, FN: 0.575, FP: 0.000
==> 5/20 epoch, previous best: 0.425
loss: 0.5327; acc: 0.688, TP: 0.000, TN: 0.688, FN: 0.312, FP: 0.000
acc: 0.425, TP: 0.000, TN: 0.425, FN: 0.575, FP: 0.000
==> 6/20 epoch, previous best: 0.425
loss: 0.5264; acc: 0.688, TP: 0.000, TN: 0.688, FN: 0.312, FP: 0.000
acc: 0.425, TP: 0.000, TN: 0.425, FN: 0.575, FP: 0.000
==> 7/20 epoch, previous best: 0.425
loss: 0.5207; acc: 0.688, TP: 0.000, TN: 0.688, FN: 0.312, FP: 0.000
acc: 0.425, TP: 0.000, TN: 0.425, FN: 0.575, FP: 0.000
==> 8/20 epoch, previous best: 0.425
loss: 0.5156; acc: 0.688, TP: 0.000, TN: 0.688, FN: 0.312, FP: 0.000
acc: 0.425, TP: 0.000, TN: 0.425, FN: 0.575, FP: 0.000
==> 9/20 epoch, previous best: 0.425
loss: 0.5112; acc: 0.688, TP: 0.000, TN: 0.688, FN: 0.312, FP: 0.000
acc: 0.425, TP: 0.000, TN: 0.425, FN: 0.575, FP: 0.000
==> 10/20 epoch, previous best: 0.425
loss: 0.5079; acc: 0.688, TP: 0.000, TN: 0.688, FN: 0.312, FP: 0.000
acc: 0.425, TP: 0.000, TN: 0.425, FN: 0.575, FP: 0.000
==> 11/20 epoch, previous best: 0.425
loss: 0.5073; acc: 0.688, TP: 0.000, TN: 0.688, FN: 0.312, FP: 0.000
acc: 0.425, TP: 0.000, TN: 0.425, FN: 0.575, FP: 0.000
==> 12/20 epoch, previous best: 0.425
loss: 0.5112; acc: 0.688, TP: 0.000, TN: 0.688, FN: 0.312, FP: 0.000
acc: 0.425, TP: 0.000, TN: 0.425, FN: 0.575, FP: 0.000
==> 13/20 epoch, previous best: 0.425
loss: 0.5182; acc: 0.688, TP: 0.000, TN: 0.688, FN: 0.312, FP: 0.000
acc: 0.425, TP: 0.000, TN: 0.425, FN: 0.575, FP: 0.000
==> 14/20 epoch, previous best: 0.425
loss: 0.5250; acc: 0.688, TP: 0.000, TN: 0.688, FN: 0.312, FP: 0.000
acc: 0.425, TP: 0.000, TN: 0.425, FN: 0.575, FP: 0.000
==> 15/20 epoch, previous best: 0.425
loss: 0.5297; acc: 0.688, TP: 0.000, TN: 0.688, FN: 0.312, FP: 0.000
acc: 0.425, TP: 0.000, TN: 0.425, FN: 0.575, FP: 0.000
==> 16/20 epoch, previous best: 0.425
loss: 0.5328; acc: 0.688, TP: 0.000, TN: 0.688, FN: 0.312, FP: 0.000
acc: 0.425, TP: 0.000, TN: 0.425, FN: 0.575, FP: 0.000
==> 17/20 epoch, previous best: 0.425
loss: 0.5347; acc: 0.688, TP: 0.000, TN: 0.688, FN: 0.312, FP: 0.000
acc: 0.425, TP: 0.000, TN: 0.425, FN: 0.575, FP: 0.000
==> 18/20 epoch, previous best: 0.425
loss: 0.5362; acc: 0.688, TP: 0.000, TN: 0.688, FN: 0.312, FP: 0.000
acc: 0.425, TP: 0.000, TN: 0.425, FN: 0.575, FP: 0.000
==> 19/20 epoch, previous best: 0.425
loss: 0.5237; acc: 0.670, TP: 0.000, TN: 0.670, FN: 0.312, FP: 0.018
acc: 0.425, TP: 0.000, TN: 0.425, FN: 0.575, FP: 0.000
==> 20/20 epoch, previous best: 0.425
loss: 0.5372; acc: 0.688, TP: 0.000, TN: 0.688, FN: 0.312, FP: 0.000
acc: 0.425, TP: 0.000, TN: 0.425, FN: 0.575, FP: 0.000
num of train batches:  40
==> 1/20 epoch, previous best: 0.000
loss: 0.6761; acc: 0.539, TP: 0.219, TN: 0.320, FN: 0.094, FP: 0.368
acc: 0.537, TP: 0.348, TN: 0.188, FN: 0.227, FP: 0.236
==> 2/20 epoch, previous best: 0.537
loss: 0.6344; acc: 0.685, TP: 0.000, TN: 0.685, FN: 0.312, FP: 0.003
acc: 0.425, TP: 0.000, TN: 0.425, FN: 0.575, FP: 0.000
==> 3/20 epoch, previous best: 0.537
loss: 0.5760; acc: 0.688, TP: 0.000, TN: 0.688, FN: 0.312, FP: 0.000
acc: 0.425, TP: 0.000, TN: 0.425, FN: 0.575, FP: 0.000
==> 4/20 epoch, previous best: 0.537
loss: 0.5438; acc: 0.688, TP: 0.000, TN: 0.688, FN: 0.312, FP: 0.000
acc: 0.425, TP: 0.000, TN: 0.425, FN: 0.575, FP: 0.000
==> 5/20 epoch, previous best: 0.537
loss: 0.5359; acc: 0.688, TP: 0.000, TN: 0.688, FN: 0.312, FP: 0.000
acc: 0.425, TP: 0.000, TN: 0.425, FN: 0.575, FP: 0.000
==> 6/20 epoch, previous best: 0.537
loss: 0.5299; acc: 0.688, TP: 0.000, TN: 0.688, FN: 0.312, FP: 0.000
acc: 0.425, TP: 0.000, TN: 0.425, FN: 0.575, FP: 0.000
==> 7/20 epoch, previous best: 0.537
loss: 0.5243; acc: 0.688, TP: 0.000, TN: 0.688, FN: 0.312, FP: 0.000
acc: 0.425, TP: 0.000, TN: 0.425, FN: 0.575, FP: 0.000
==> 8/20 epoch, previous best: 0.537
loss: 0.5194; acc: 0.688, TP: 0.000, TN: 0.688, FN: 0.312, FP: 0.000
acc: 0.425, TP: 0.000, TN: 0.425, FN: 0.575, FP: 0.000
==> 9/20 epoch, previous best: 0.537
loss: 0.5147; acc: 0.688, TP: 0.000, TN: 0.688, FN: 0.312, FP: 0.000
acc: 0.425, TP: 0.000, TN: 0.425, FN: 0.575, FP: 0.000
==> 10/20 epoch, previous best: 0.537
loss: 0.5106; acc: 0.688, TP: 0.000, TN: 0.688, FN: 0.312, FP: 0.000
acc: 0.425, TP: 0.000, TN: 0.425, FN: 0.575, FP: 0.000
==> 11/20 epoch, previous best: 0.537
loss: 0.5074; acc: 0.688, TP: 0.000, TN: 0.688, FN: 0.312, FP: 0.000
acc: 0.425, TP: 0.000, TN: 0.425, FN: 0.575, FP: 0.000
==> 12/20 epoch, previous best: 0.537
loss: 0.5062; acc: 0.688, TP: 0.000, TN: 0.688, FN: 0.312, FP: 0.000
acc: 0.425, TP: 0.000, TN: 0.425, FN: 0.575, FP: 0.000
==> 13/20 epoch, previous best: 0.537
loss: 0.5090; acc: 0.688, TP: 0.000, TN: 0.688, FN: 0.312, FP: 0.000
acc: 0.425, TP: 0.000, TN: 0.425, FN: 0.575, FP: 0.000
==> 14/20 epoch, previous best: 0.537
loss: 0.5164; acc: 0.688, TP: 0.000, TN: 0.688, FN: 0.312, FP: 0.000
acc: 0.425, TP: 0.000, TN: 0.425, FN: 0.575, FP: 0.000
==> 15/20 epoch, previous best: 0.537
loss: 0.5245; acc: 0.688, TP: 0.000, TN: 0.688, FN: 0.312, FP: 0.000
acc: 0.425, TP: 0.000, TN: 0.425, FN: 0.575, FP: 0.000
==> 16/20 epoch, previous best: 0.537
loss: 0.5310; acc: 0.688, TP: 0.000, TN: 0.688, FN: 0.312, FP: 0.000
acc: 0.425, TP: 0.000, TN: 0.425, FN: 0.575, FP: 0.000
==> 17/20 epoch, previous best: 0.537
loss: 0.5348; acc: 0.688, TP: 0.000, TN: 0.688, FN: 0.312, FP: 0.000
acc: 0.425, TP: 0.000, TN: 0.425, FN: 0.575, FP: 0.000
==> 18/20 epoch, previous best: 0.537
num of train batches:  40
==> 1/20 epoch, previous best: 0.000
loss: 0.7040; acc: 0.337, TP: 0.312, TN: 0.025, FN: 0.000, FP: 0.663
acc: 0.575, TP: 0.575, TN: 0.000, FN: 0.000, FP: 0.425
==> 2/20 epoch, previous best: 0.575
loss: 0.6629; acc: 0.562, TP: 0.169, TN: 0.394, FN: 0.144, FP: 0.294
acc: 0.537, TP: 0.348, TN: 0.188, FN: 0.227, FP: 0.236
==> 3/20 epoch, previous best: 0.575
loss: 0.5909; acc: 0.683, TP: 0.000, TN: 0.683, FN: 0.312, FP: 0.005
acc: 0.425, TP: 0.000, TN: 0.425, FN: 0.575, FP: 0.000
==> 4/20 epoch, previous best: 0.575
loss: 0.5436; acc: 0.688, TP: 0.000, TN: 0.688, FN: 0.312, FP: 0.000
acc: 0.425, TP: 0.000, TN: 0.425, FN: 0.575, FP: 0.000
==> 5/20 epoch, previous best: 0.575
loss: 0.5364; acc: 0.688, TP: 0.000, TN: 0.688, FN: 0.312, FP: 0.000
acc: 0.425, TP: 0.000, TN: 0.425, FN: 0.575, FP: 0.000
==> 6/20 epoch, previous best: 0.575
loss: 0.5298; acc: 0.688, TP: 0.000, TN: 0.688, FN: 0.312, FP: 0.000
acc: 0.425, TP: 0.000, TN: 0.425, FN: 0.575, FP: 0.000
==> 7/20 epoch, previous best: 0.575
loss: 0.5245; acc: 0.688, TP: 0.000, TN: 0.688, FN: 0.312, FP: 0.000
acc: 0.425, TP: 0.000, TN: 0.425, FN: 0.575, FP: 0.000
==> 8/20 epoch, previous best: 0.575
loss: 0.5199; acc: 0.688, TP: 0.000, TN: 0.688, FN: 0.312, FP: 0.000
acc: 0.425, TP: 0.000, TN: 0.425, FN: 0.575, FP: 0.000
==> 9/20 epoch, previous best: 0.575
loss: 0.5161; acc: 0.688, TP: 0.000, TN: 0.688, FN: 0.312, FP: 0.000
acc: 0.425, TP: 0.000, TN: 0.425, FN: 0.575, FP: 0.000
==> 10/20 epoch, previous best: 0.575
loss: 0.5130; acc: 0.688, TP: 0.000, TN: 0.688, FN: 0.312, FP: 0.000
acc: 0.425, TP: 0.000, TN: 0.425, FN: 0.575, FP: 0.000
==> 11/20 epoch, previous best: 0.575
loss: 0.5108; acc: 0.688, TP: 0.000, TN: 0.688, FN: 0.312, FP: 0.000
acc: 0.425, TP: 0.000, TN: 0.425, FN: 0.575, FP: 0.000
==> 12/20 epoch, previous best: 0.575
loss: 0.5098; acc: 0.688, TP: 0.000, TN: 0.688, FN: 0.312, FP: 0.000
acc: 0.425, TP: 0.000, TN: 0.425, FN: 0.575, FP: 0.000
==> 13/20 epoch, previous best: 0.575
loss: 0.5111; acc: 0.688, TP: 0.000, TN: 0.688, FN: 0.312, FP: 0.000
acc: 0.425, TP: 0.000, TN: 0.425, FN: 0.575, FP: 0.000
==> 14/20 epoch, previous best: 0.575
loss: 0.5153; acc: 0.688, TP: 0.000, TN: 0.688, FN: 0.312, FP: 0.000
acc: 0.425, TP: 0.000, TN: 0.425, FN: 0.575, FP: 0.000
==> 15/20 epoch, previous best: 0.575
loss: 0.5207; acc: 0.688, TP: 0.000, TN: 0.688, FN: 0.312, FP: 0.000
acc: 0.425, TP: 0.000, TN: 0.425, FN: 0.575, FP: 0.000
==> 16/20 epoch, previous best: 0.575
loss: 0.5261; acc: 0.688, TP: 0.000, TN: 0.688, FN: 0.312, FP: 0.000
acc: 0.425, TP: 0.000, TN: 0.425, FN: 0.575, FP: 0.000
==> 17/20 epoch, previous best: 0.575
loss: 0.5307; acc: 0.688, TP: 0.000, TN: 0.688, FN: 0.312, FP: 0.000
acc: 0.425, TP: 0.000, TN: 0.425, FN: 0.575, FP: 0.000
==> 18/20 epoch, previous best: 0.575
loss: 0.5340; acc: 0.688, TP: 0.000, TN: 0.688, FN: 0.312, FP: 0.000
acc: 0.537, TP: 0.208, TN: 0.329, FN: 0.367, FP: 0.096
==> 19/20 epoch, previous best: 0.575
loss: 0.5364; acc: 0.688, TP: 0.000, TN: 0.688, FN: 0.312, FP: 0.000
acc: 0.530, TP: 0.208, TN: 0.323, FN: 0.367, FP: 0.102
==> 20/20 epoch, previous best: 0.575
loss: 0.5383; acc: 0.688, TP: 0.000, TN: 0.688, FN: 0.312, FP: 0.000
acc: 0.530, TP: 0.208, TN: 0.323, FN: 0.367, FP: 0.102
num of train batches:  40
==> 1/20 epoch, previous best: 0.000
loss: 0.6413; acc: 0.688, TP: 0.000, TN: 0.688, FN: 0.312, FP: 0.000
acc: 0.425, TP: 0.000, TN: 0.425, FN: 0.575, FP: 0.000
==> 2/20 epoch, previous best: 0.425
loss: 0.6138; acc: 0.688, TP: 0.000, TN: 0.688, FN: 0.312, FP: 0.000
acc: 0.425, TP: 0.000, TN: 0.425, FN: 0.575, FP: 0.000
==> 3/20 epoch, previous best: 0.425
loss: 0.5766; acc: 0.688, TP: 0.000, TN: 0.688, FN: 0.312, FP: 0.000
acc: 0.425, TP: 0.000, TN: 0.425, FN: 0.575, FP: 0.000
==> 4/20 epoch, previous best: 0.425
loss: 0.5450; acc: 0.688, TP: 0.000, TN: 0.688, FN: 0.312, FP: 0.000
acc: 0.425, TP: 0.000, TN: 0.425, FN: 0.575, FP: 0.000
==> 5/20 epoch, previous best: 0.425
loss: 0.5333; acc: 0.688, TP: 0.000, TN: 0.688, FN: 0.312, FP: 0.000
acc: 0.425, TP: 0.000, TN: 0.425, FN: 0.575, FP: 0.000
==> 6/20 epoch, previous best: 0.425
loss: 0.5265; acc: 0.688, TP: 0.000, TN: 0.688, FN: 0.312, FP: 0.000
acc: 0.425, TP: 0.000, TN: 0.425, FN: 0.575, FP: 0.000
==> 7/20 epoch, previous best: 0.425
loss: 0.5208; acc: 0.688, TP: 0.000, TN: 0.688, FN: 0.312, FP: 0.000
acc: 0.425, TP: 0.000, TN: 0.425, FN: 0.575, FP: 0.000
==> 8/20 epoch, previous best: 0.425
loss: 0.5157; acc: 0.688, TP: 0.000, TN: 0.688, FN: 0.312, FP: 0.000
acc: 0.425, TP: 0.000, TN: 0.425, FN: 0.575, FP: 0.000
==> 9/20 epoch, previous best: 0.425
loss: 0.5111; acc: 0.688, TP: 0.000, TN: 0.688, FN: 0.312, FP: 0.000
acc: 0.425, TP: 0.000, TN: 0.425, FN: 0.575, FP: 0.000
==> 10/20 epoch, previous best: 0.425
loss: 0.5074; acc: 0.688, TP: 0.000, TN: 0.688, FN: 0.312, FP: 0.000
acc: 0.425, TP: 0.000, TN: 0.425, FN: 0.575, FP: 0.000
==> 11/20 epoch, previous best: 0.425
loss: 0.5057; acc: 0.688, TP: 0.000, TN: 0.688, FN: 0.312, FP: 0.000
acc: 0.425, TP: 0.000, TN: 0.425, FN: 0.575, FP: 0.000
==> 12/20 epoch, previous best: 0.425
loss: 0.5089; acc: 0.688, TP: 0.000, TN: 0.688, FN: 0.312, FP: 0.000
acc: 0.425, TP: 0.000, TN: 0.425, FN: 0.575, FP: 0.000
==> 13/20 epoch, previous best: 0.425
loss: 0.5075; acc: 0.677, TP: 0.000, TN: 0.677, FN: 0.312, FP: 0.011
acc: 0.425, TP: 0.000, TN: 0.425, FN: 0.575, FP: 0.000
==> 14/20 epoch, previous best: 0.425
loss: 0.5078; acc: 0.688, TP: 0.000, TN: 0.688, FN: 0.312, FP: 0.000
acc: 0.425, TP: 0.000, TN: 0.425, FN: 0.575, FP: 0.000
==> 15/20 epoch, previous best: 0.425
loss: 0.5183; acc: 0.686, TP: 0.000, TN: 0.686, FN: 0.312, FP: 0.002
acc: 0.425, TP: 0.000, TN: 0.425, FN: 0.575, FP: 0.000
==> 16/20 epoch, previous best: 0.425
loss: 0.5184; acc: 0.687, TP: 0.000, TN: 0.687, FN: 0.312, FP: 0.001
acc: 0.425, TP: 0.000, TN: 0.425, FN: 0.575, FP: 0.000
==> 17/20 epoch, previous best: 0.425
loss: 0.5204; acc: 0.688, TP: 0.000, TN: 0.688, FN: 0.312, FP: 0.000
acc: 0.425, TP: 0.000, TN: 0.425, FN: 0.575, FP: 0.000
==> 18/20 epoch, previous best: 0.425
loss: 0.5247; acc: 0.688, TP: 0.000, TN: 0.688, FN: 0.312, FP: 0.000
acc: 0.425, TP: 0.000, TN: 0.425, FN: 0.575, FP: 0.000
==> 19/20 epoch, previous best: 0.425
loss: 0.5283; acc: 0.688, TP: 0.000, TN: 0.688, FN: 0.312, FP: 0.000
acc: 0.425, TP: 0.000, TN: 0.425, FN: 0.575, FP: 0.000
==> 20/20 epoch, previous best: 0.425
loss: 0.5310; acc: 0.688, TP: 0.000, TN: 0.688, FN: 0.312, FP: 0.000
acc: 0.425, TP: 0.000, TN: 0.425, FN: 0.575, FP: 0.000
num of train batches:  40
==> 1/20 epoch, previous best: 0.000
loss: 0.6386; acc: 0.688, TP: 0.000, TN: 0.688, FN: 0.312, FP: 0.000
acc: 0.425, TP: 0.000, TN: 0.425, FN: 0.575, FP: 0.000
==> 2/20 epoch, previous best: 0.425
loss: 0.6094; acc: 0.688, TP: 0.000, TN: 0.688, FN: 0.312, FP: 0.000
acc: 0.425, TP: 0.000, TN: 0.425, FN: 0.575, FP: 0.000
==> 3/20 epoch, previous best: 0.425
loss: 0.5731; acc: 0.688, TP: 0.000, TN: 0.688, FN: 0.312, FP: 0.000
acc: 0.425, TP: 0.000, TN: 0.425, FN: 0.575, FP: 0.000
==> 4/20 epoch, previous best: 0.425
loss: 0.5463; acc: 0.688, TP: 0.000, TN: 0.688, FN: 0.312, FP: 0.000
acc: 0.425, TP: 0.000, TN: 0.425, FN: 0.575, FP: 0.000
==> 5/20 epoch, previous best: 0.425
loss: 0.5363; acc: 0.688, TP: 0.000, TN: 0.688, FN: 0.312, FP: 0.000
acc: 0.425, TP: 0.000, TN: 0.425, FN: 0.575, FP: 0.000
==> 6/20 epoch, previous best: 0.425
loss: 0.5301; acc: 0.688, TP: 0.000, TN: 0.688, FN: 0.312, FP: 0.000
acc: 0.425, TP: 0.000, TN: 0.425, FN: 0.575, FP: 0.000
==> 7/20 epoch, previous best: 0.425
loss: 0.5245; acc: 0.688, TP: 0.000, TN: 0.688, FN: 0.312, FP: 0.000
acc: 0.425, TP: 0.000, TN: 0.425, FN: 0.575, FP: 0.000
==> 8/20 epoch, previous best: 0.425
loss: 0.5192; acc: 0.688, TP: 0.000, TN: 0.688, FN: 0.312, FP: 0.000
acc: 0.425, TP: 0.000, TN: 0.425, FN: 0.575, FP: 0.000
==> 9/20 epoch, previous best: 0.425
loss: 0.5143; acc: 0.688, TP: 0.000, TN: 0.688, FN: 0.312, FP: 0.000
acc: 0.425, TP: 0.000, TN: 0.425, FN: 0.575, FP: 0.000
==> 10/20 epoch, previous best: 0.425
loss: 0.5100; acc: 0.688, TP: 0.000, TN: 0.688, FN: 0.312, FP: 0.000
acc: 0.425, TP: 0.000, TN: 0.425, FN: 0.575, FP: 0.000
==> 11/20 epoch, previous best: 0.425
loss: 0.5075; acc: 0.688, TP: 0.000, TN: 0.688, FN: 0.312, FP: 0.000
acc: 0.425, TP: 0.000, TN: 0.425, FN: 0.575, FP: 0.000
==> 12/20 epoch, previous best: 0.425
loss: 0.5102; acc: 0.688, TP: 0.000, TN: 0.688, FN: 0.312, FP: 0.000
acc: 0.425, TP: 0.000, TN: 0.425, FN: 0.575, FP: 0.000
==> 13/20 epoch, previous best: 0.425
loss: 0.5055; acc: 0.674, TP: 0.000, TN: 0.674, FN: 0.312, FP: 0.014
acc: 0.425, TP: 0.000, TN: 0.425, FN: 0.575, FP: 0.000
==> 14/20 epoch, previous best: 0.425
loss: 0.5045; acc: 0.688, TP: 0.000, TN: 0.688, FN: 0.312, FP: 0.000
acc: 0.425, TP: 0.000, TN: 0.425, FN: 0.575, FP: 0.000
==> 15/20 epoch, previous best: 0.425
loss: 0.5116; acc: 0.688, TP: 0.000, TN: 0.688, FN: 0.312, FP: 0.000
acc: 0.425, TP: 0.000, TN: 0.425, FN: 0.575, FP: 0.000
==> 16/20 epoch, previous best: 0.425
loss: 0.5110; acc: 0.688, TP: 0.000, TN: 0.688, FN: 0.312, FP: 0.000
acc: 0.425, TP: 0.000, TN: 0.425, FN: 0.575, FP: 0.000
==> 17/20 epoch, previous best: 0.425
loss: 0.5133; acc: 0.688, TP: 0.000, TN: 0.688, FN: 0.312, FP: 0.000
acc: 0.425, TP: 0.000, TN: 0.425, FN: 0.575, FP: 0.000
==> 18/20 epoch, previous best: 0.425
loss: 0.5159; acc: 0.688, TP: 0.000, TN: 0.688, FN: 0.312, FP: 0.000
acc: 0.425, TP: 0.000, TN: 0.425, FN: 0.575, FP: 0.000
==> 19/20 epoch, previous best: 0.425
loss: 0.5187; acc: 0.688, TP: 0.000, TN: 0.688, FN: 0.312, FP: 0.000
acc: 0.425, TP: 0.000, TN: 0.425, FN: 0.575, FP: 0.000
==> 20/20 epoch, previous best: 0.425
loss: 0.5215; acc: 0.688, TP: 0.000, TN: 0.688, FN: 0.312, FP: 0.000
acc: 0.425, TP: 0.000, TN: 0.425, FN: 0.575, FP: 0.000
num of train batches:  40
==> 1/20 epoch, previous best: 0.000
loss: 0.6643; acc: 0.680, TP: 0.000, TN: 0.680, FN: 0.312, FP: 0.008
acc: 0.425, TP: 0.000, TN: 0.425, FN: 0.575, FP: 0.000
==> 2/20 epoch, previous best: 0.425
loss: 0.6270; acc: 0.688, TP: 0.000, TN: 0.688, FN: 0.312, FP: 0.000
acc: 0.425, TP: 0.000, TN: 0.425, FN: 0.575, FP: 0.000
==> 3/20 epoch, previous best: 0.425
loss: 0.5766; acc: 0.688, TP: 0.000, TN: 0.688, FN: 0.312, FP: 0.000
acc: 0.425, TP: 0.000, TN: 0.425, FN: 0.575, FP: 0.000
==> 4/20 epoch, previous best: 0.425
loss: 0.5467; acc: 0.688, TP: 0.000, TN: 0.688, FN: 0.312, FP: 0.000
acc: 0.425, TP: 0.000, TN: 0.425, FN: 0.575, FP: 0.000
==> 5/20 epoch, previous best: 0.425
loss: 0.5379; acc: 0.688, TP: 0.000, TN: 0.688, FN: 0.312, FP: 0.000
acc: 0.425, TP: 0.000, TN: 0.425, FN: 0.575, FP: 0.000
==> 6/20 epoch, previous best: 0.425
loss: 0.5307; acc: 0.688, TP: 0.000, TN: 0.688, FN: 0.312, FP: 0.000
acc: 0.425, TP: 0.000, TN: 0.425, FN: 0.575, FP: 0.000
==> 7/20 epoch, previous best: 0.425
loss: 0.5240; acc: 0.688, TP: 0.000, TN: 0.688, FN: 0.312, FP: 0.000
acc: 0.425, TP: 0.000, TN: 0.425, FN: 0.575, FP: 0.000
==> 8/20 epoch, previous best: 0.425
loss: 0.5179; acc: 0.688, TP: 0.000, TN: 0.688, FN: 0.312, FP: 0.000
acc: 0.425, TP: 0.000, TN: 0.425, FN: 0.575, FP: 0.000
==> 9/20 epoch, previous best: 0.425
loss: 0.5128; acc: 0.688, TP: 0.000, TN: 0.688, FN: 0.312, FP: 0.000
acc: 0.425, TP: 0.000, TN: 0.425, FN: 0.575, FP: 0.000
==> 10/20 epoch, previous best: 0.425
loss: 0.5096; acc: 0.688, TP: 0.000, TN: 0.688, FN: 0.312, FP: 0.000
acc: 0.425, TP: 0.000, TN: 0.425, FN: 0.575, FP: 0.000
==> 11/20 epoch, previous best: 0.425
loss: 0.5106; acc: 0.688, TP: 0.000, TN: 0.688, FN: 0.312, FP: 0.000
acc: 0.425, TP: 0.000, TN: 0.425, FN: 0.575, FP: 0.000
==> 12/20 epoch, previous best: 0.425
loss: 0.5159; acc: 0.688, TP: 0.000, TN: 0.688, FN: 0.312, FP: 0.000
acc: 0.425, TP: 0.000, TN: 0.425, FN: 0.575, FP: 0.000
==> 13/20 epoch, previous best: 0.425
loss: 0.5223; acc: 0.688, TP: 0.000, TN: 0.688, FN: 0.312, FP: 0.000
acc: 0.425, TP: 0.000, TN: 0.425, FN: 0.575, FP: 0.000
==> 14/20 epoch, previous best: 0.425
loss: 0.5243; acc: 0.677, TP: 0.000, TN: 0.677, FN: 0.312, FP: 0.011
acc: 0.425, TP: 0.000, TN: 0.425, FN: 0.575, FP: 0.000
==> 15/20 epoch, previous best: 0.425
loss: 0.5279; acc: 0.688, TP: 0.000, TN: 0.688, FN: 0.312, FP: 0.000
acc: 0.425, TP: 0.000, TN: 0.425, FN: 0.575, FP: 0.000
==> 16/20 epoch, previous best: 0.425
loss: 0.5267; acc: 0.682, TP: 0.000, TN: 0.682, FN: 0.312, FP: 0.006
acc: 0.425, TP: 0.000, TN: 0.425, FN: 0.575, FP: 0.000
==> 17/20 epoch, previous best: 0.425
loss: 0.5262; acc: 0.688, TP: 0.000, TN: 0.688, FN: 0.312, FP: 0.000
acc: 0.425, TP: 0.000, TN: 0.425, FN: 0.575, FP: 0.000
==> 18/20 epoch, previous best: 0.425
loss: 0.5315; acc: 0.688, TP: 0.000, TN: 0.688, FN: 0.312, FP: 0.000
acc: 0.425, TP: 0.000, TN: 0.425, FN: 0.575, FP: 0.000
==> 19/20 epoch, previous best: 0.425
loss: 0.5310; acc: 0.688, TP: 0.000, TN: 0.688, FN: 0.312, FP: 0.000
acc: 0.425, TP: 0.000, TN: 0.425, FN: 0.575, FP: 0.000
==> 20/20 epoch, previous best: 0.425
loss: 0.5353; acc: 0.688, TP: 0.000, TN: 0.688, FN: 0.312, FP: 0.000
acc: 0.425, TP: 0.000, TN: 0.425, FN: 0.575, FP: 0.000
num of train batches:  18
==> 1/20 epoch, previous best: 0.000
loss: 0.6979; acc: 0.406, TP: 0.000, TN: 0.406, FN: 0.594, FP: 0.000
acc: 0.463, TP: 0.000, TN: 0.463, FN: 0.537, FP: 0.000
==> 2/20 epoch, previous best: 0.463
loss: 0.6968; acc: 0.430, TP: 0.063, TN: 0.367, FN: 0.531, FP: 0.038
acc: 0.500, TP: 0.111, TN: 0.389, FN: 0.426, FP: 0.074
==> 3/20 epoch, previous best: 0.500
loss: 0.6959; acc: 0.451, TP: 0.136, TN: 0.315, FN: 0.458, FP: 0.091
acc: 0.500, TP: 0.111, TN: 0.389, FN: 0.426, FP: 0.074
==> 4/20 epoch, previous best: 0.500
loss: 0.6950; acc: 0.451, TP: 0.136, TN: 0.315, FN: 0.458, FP: 0.091
acc: 0.444, TP: 0.167, TN: 0.278, FN: 0.370, FP: 0.185
==> 5/20 epoch, previous best: 0.500
loss: 0.6941; acc: 0.472, TP: 0.241, TN: 0.231, FN: 0.353, FP: 0.175
acc: 0.444, TP: 0.167, TN: 0.278, FN: 0.370, FP: 0.185
==> 6/20 epoch, previous best: 0.500
loss: 0.6933; acc: 0.472, TP: 0.241, TN: 0.231, FN: 0.353, FP: 0.175
acc: 0.444, TP: 0.167, TN: 0.278, FN: 0.370, FP: 0.185
==> 7/20 epoch, previous best: 0.500
loss: 0.6926; acc: 0.462, TP: 0.252, TN: 0.210, FN: 0.343, FP: 0.196
acc: 0.352, TP: 0.296, TN: 0.056, FN: 0.241, FP: 0.407
==> 8/20 epoch, previous best: 0.500
loss: 0.6918; acc: 0.573, TP: 0.563, TN: 0.010, FN: 0.031, FP: 0.395
acc: 0.537, TP: 0.537, TN: 0.000, FN: 0.000, FP: 0.463
==> 9/20 epoch, previous best: 0.537
loss: 0.6912; acc: 0.594, TP: 0.594, TN: 0.000, FN: 0.000, FP: 0.406
acc: 0.537, TP: 0.537, TN: 0.000, FN: 0.000, FP: 0.463
==> 10/20 epoch, previous best: 0.537
loss: 0.6906; acc: 0.594, TP: 0.594, TN: 0.000, FN: 0.000, FP: 0.406
acc: 0.537, TP: 0.537, TN: 0.000, FN: 0.000, FP: 0.463
==> 11/20 epoch, previous best: 0.537
loss: 0.6903; acc: 0.594, TP: 0.594, TN: 0.000, FN: 0.000, FP: 0.406
acc: 0.537, TP: 0.537, TN: 0.000, FN: 0.000, FP: 0.463
==> 12/20 epoch, previous best: 0.537
loss: 0.6901; acc: 0.594, TP: 0.594, TN: 0.000, FN: 0.000, FP: 0.406
acc: 0.537, TP: 0.537, TN: 0.000, FN: 0.000, FP: 0.463
==> 13/20 epoch, previous best: 0.537
loss: 0.6901; acc: 0.594, TP: 0.594, TN: 0.000, FN: 0.000, FP: 0.406
acc: 0.537, TP: 0.537, TN: 0.000, FN: 0.000, FP: 0.463
==> 14/20 epoch, previous best: 0.537
loss: 0.6901; acc: 0.594, TP: 0.594, TN: 0.000, FN: 0.000, FP: 0.406
acc: 0.537, TP: 0.537, TN: 0.000, FN: 0.000, FP: 0.463
==> 15/20 epoch, previous best: 0.537
loss: 0.6902; acc: 0.594, TP: 0.594, TN: 0.000, FN: 0.000, FP: 0.406
acc: 0.537, TP: 0.537, TN: 0.000, FN: 0.000, FP: 0.463
==> 16/20 epoch, previous best: 0.537
loss: 0.6902; acc: 0.594, TP: 0.594, TN: 0.000, FN: 0.000, FP: 0.406
acc: 0.537, TP: 0.537, TN: 0.000, FN: 0.000, FP: 0.463
==> 17/20 epoch, previous best: 0.537
loss: 0.6903; acc: 0.594, TP: 0.594, TN: 0.000, FN: 0.000, FP: 0.406
acc: 0.537, TP: 0.537, TN: 0.000, FN: 0.000, FP: 0.463
==> 18/20 epoch, previous best: 0.537
loss: 0.6903; acc: 0.594, TP: 0.594, TN: 0.000, FN: 0.000, FP: 0.406
acc: 0.537, TP: 0.537, TN: 0.000, FN: 0.000, FP: 0.463
==> 19/20 epoch, previous best: 0.537
loss: 0.6903; acc: 0.594, TP: 0.594, TN: 0.000, FN: 0.000, FP: 0.406
acc: 0.537, TP: 0.537, TN: 0.000, FN: 0.000, FP: 0.463
==> 20/20 epoch, previous best: 0.537
loss: 0.6903; acc: 0.594, TP: 0.594, TN: 0.000, FN: 0.000, FP: 0.406
acc: 0.537, TP: 0.537, TN: 0.000, FN: 0.000, FP: 0.463
num of train batches:  1
==> 1/20 epoch, previous best: 0.000
num of train batches:  1
==> 1/20 epoch, previous best: 0.000
num of train batches:  18
==> 1/20 epoch, previous best: 0.000
loss: 0.6949; acc: 0.406, TP: 0.000, TN: 0.406, FN: 0.594, FP: 0.000
acc: 0.463, TP: 0.000, TN: 0.463, FN: 0.537, FP: 0.000
==> 2/20 epoch, previous best: 0.463
loss: 0.6940; acc: 0.427, TP: 0.070, TN: 0.357, FN: 0.524, FP: 0.049
acc: 0.500, TP: 0.111, TN: 0.389, FN: 0.426, FP: 0.074
==> 3/20 epoch, previous best: 0.500
loss: 0.6932; acc: 0.465, TP: 0.203, TN: 0.262, FN: 0.392, FP: 0.143
acc: 0.444, TP: 0.167, TN: 0.278, FN: 0.370, FP: 0.185
==> 4/20 epoch, previous best: 0.500
loss: 0.6924; acc: 0.552, TP: 0.500, TN: 0.052, FN: 0.094, FP: 0.353
acc: 0.537, TP: 0.537, TN: 0.000, FN: 0.000, FP: 0.463
==> 5/20 epoch, previous best: 0.537
loss: 0.6917; acc: 0.594, TP: 0.594, TN: 0.000, FN: 0.000, FP: 0.406
acc: 0.537, TP: 0.537, TN: 0.000, FN: 0.000, FP: 0.463
==> 6/20 epoch, previous best: 0.537
loss: 0.6910; acc: 0.594, TP: 0.594, TN: 0.000, FN: 0.000, FP: 0.406
acc: 0.537, TP: 0.537, TN: 0.000, FN: 0.000, FP: 0.463
==> 7/20 epoch, previous best: 0.537
loss: 0.6904; acc: 0.594, TP: 0.594, TN: 0.000, FN: 0.000, FP: 0.406
acc: 0.537, TP: 0.537, TN: 0.000, FN: 0.000, FP: 0.463
==> 8/20 epoch, previous best: 0.537
loss: 0.6898; acc: 0.594, TP: 0.594, TN: 0.000, FN: 0.000, FP: 0.406
acc: 0.537, TP: 0.537, TN: 0.000, FN: 0.000, FP: 0.463
==> 9/20 epoch, previous best: 0.537
loss: 0.6893; acc: 0.594, TP: 0.594, TN: 0.000, FN: 0.000, FP: 0.406
acc: 0.537, TP: 0.537, TN: 0.000, FN: 0.000, FP: 0.463
==> 10/20 epoch, previous best: 0.537
loss: 0.6889; acc: 0.594, TP: 0.594, TN: 0.000, FN: 0.000, FP: 0.406
acc: 0.537, TP: 0.537, TN: 0.000, FN: 0.000, FP: 0.463
==> 11/20 epoch, previous best: 0.537
loss: 0.6885; acc: 0.594, TP: 0.594, TN: 0.000, FN: 0.000, FP: 0.406
acc: 0.537, TP: 0.537, TN: 0.000, FN: 0.000, FP: 0.463
==> 12/20 epoch, previous best: 0.537
loss: 0.6883; acc: 0.594, TP: 0.594, TN: 0.000, FN: 0.000, FP: 0.406
acc: 0.537, TP: 0.537, TN: 0.000, FN: 0.000, FP: 0.463
==> 13/20 epoch, previous best: 0.537
loss: 0.6882; acc: 0.594, TP: 0.594, TN: 0.000, FN: 0.000, FP: 0.406
acc: 0.537, TP: 0.537, TN: 0.000, FN: 0.000, FP: 0.463
==> 14/20 epoch, previous best: 0.537
loss: 0.6882; acc: 0.594, TP: 0.594, TN: 0.000, FN: 0.000, FP: 0.406
acc: 0.537, TP: 0.537, TN: 0.000, FN: 0.000, FP: 0.463
==> 15/20 epoch, previous best: 0.537
loss: 0.6882; acc: 0.594, TP: 0.594, TN: 0.000, FN: 0.000, FP: 0.406
acc: 0.537, TP: 0.537, TN: 0.000, FN: 0.000, FP: 0.463
==> 16/20 epoch, previous best: 0.537
loss: 0.6883; acc: 0.594, TP: 0.594, TN: 0.000, FN: 0.000, FP: 0.406
acc: 0.537, TP: 0.537, TN: 0.000, FN: 0.000, FP: 0.463
==> 17/20 epoch, previous best: 0.537
loss: 0.6884; acc: 0.594, TP: 0.594, TN: 0.000, FN: 0.000, FP: 0.406
acc: 0.537, TP: 0.537, TN: 0.000, FN: 0.000, FP: 0.463
==> 18/20 epoch, previous best: 0.537
loss: 0.6885; acc: 0.594, TP: 0.594, TN: 0.000, FN: 0.000, FP: 0.406
acc: 0.537, TP: 0.537, TN: 0.000, FN: 0.000, FP: 0.463
==> 19/20 epoch, previous best: 0.537
loss: 0.6885; acc: 0.594, TP: 0.594, TN: 0.000, FN: 0.000, FP: 0.406
acc: 0.537, TP: 0.537, TN: 0.000, FN: 0.000, FP: 0.463
==> 20/20 epoch, previous best: 0.537
loss: 0.6886; acc: 0.594, TP: 0.594, TN: 0.000, FN: 0.000, FP: 0.406
acc: 0.537, TP: 0.537, TN: 0.000, FN: 0.000, FP: 0.463
num of train batches:  1
==> 1/20 epoch, previous best: 0.000
num of train batches:  15
==> 1/20 epoch, previous best: 0.000
num of train batches:  18
==> 1/20 epoch, previous best: 0.000
num of train batches:  15
==> 1/20 epoch, previous best: 0.000
num of train batches:  15
==> 1/20 epoch, previous best: 0.000
num of train batches:  15
==> 1/20 epoch, previous best: 0.000
num of train batches:  15
==> 1/20 epoch, previous best: 0.000
num of train batches:  15
==> 1/20 epoch, previous best: 0.000
num of train batches:  15
==> 1/20 epoch, previous best: 0.000
num of train batches:  15
==> 1/20 epoch, previous best: 0.000
num of train batches:  15
==> 1/20 epoch, previous best: 0.000
num of train batches:  15
==> 1/20 epoch, previous best: 0.000
num of train batches:  15
==> 1/20 epoch, previous best: 0.000
num of train batches:  15
==> 1/20 epoch, previous best: 0.000
num of train batches:  15
==> 1/20 epoch, previous best: 0.000
num of train batches:  15
==> 1/20 epoch, previous best: 0.000
num of train batches:  15
==> 1/20 epoch, previous best: 0.000
num of train batches:  15
==> 1/20 epoch, previous best: 0.000
num of train batches:  15
==> 1/20 epoch, previous best: 0.000
loss: 0.7196; acc: 0.167, TP: 0.167, TN: 0.000, FN: 0.000, FP: 0.833
num of train batches:  15
==> 1/20 epoch, previous best: 0.000
loss: 0.6978; acc: 0.167, TP: 0.160, TN: 0.007, FN: 0.007, FP: 0.827
acc: 0.225, TP: 0.125, TN: 0.100, FN: 0.025, FP: 0.750
==> 2/20 epoch, previous best: 0.225
loss: 0.6823; acc: 0.500, TP: 0.027, TN: 0.473, FN: 0.140, FP: 0.360
acc: 0.850, TP: 0.000, TN: 0.850, FN: 0.150, FP: 0.000
==> 3/20 epoch, previous best: 0.850
loss: 0.6656; acc: 0.833, TP: 0.000, TN: 0.833, FN: 0.167, FP: 0.000
acc: 0.850, TP: 0.000, TN: 0.850, FN: 0.150, FP: 0.000
==> 4/20 epoch, previous best: 0.850
loss: 0.6464; acc: 0.833, TP: 0.000, TN: 0.833, FN: 0.167, FP: 0.000
acc: 0.850, TP: 0.000, TN: 0.850, FN: 0.150, FP: 0.000
==> 5/20 epoch, previous best: 0.850
loss: 0.6229; acc: 0.833, TP: 0.000, TN: 0.833, FN: 0.167, FP: 0.000
acc: 0.850, TP: 0.000, TN: 0.850, FN: 0.150, FP: 0.000
==> 6/20 epoch, previous best: 0.850
loss: 0.5930; acc: 0.833, TP: 0.000, TN: 0.833, FN: 0.167, FP: 0.000
acc: 0.850, TP: 0.000, TN: 0.850, FN: 0.150, FP: 0.000
==> 7/20 epoch, previous best: 0.850
loss: 0.5537; acc: 0.833, TP: 0.000, TN: 0.833, FN: 0.167, FP: 0.000
acc: 0.850, TP: 0.000, TN: 0.850, FN: 0.150, FP: 0.000
==> 8/20 epoch, previous best: 0.850
loss: 0.5028; acc: 0.833, TP: 0.000, TN: 0.833, FN: 0.167, FP: 0.000
acc: 0.850, TP: 0.000, TN: 0.850, FN: 0.150, FP: 0.000
==> 9/20 epoch, previous best: 0.850
loss: 0.4439; acc: 0.833, TP: 0.000, TN: 0.833, FN: 0.167, FP: 0.000
acc: 0.850, TP: 0.000, TN: 0.850, FN: 0.150, FP: 0.000
==> 10/20 epoch, previous best: 0.850
loss: 0.3927; acc: 0.833, TP: 0.000, TN: 0.833, FN: 0.167, FP: 0.000
acc: 0.850, TP: 0.000, TN: 0.850, FN: 0.150, FP: 0.000
==> 11/20 epoch, previous best: 0.850
loss: 0.3638; acc: 0.833, TP: 0.000, TN: 0.833, FN: 0.167, FP: 0.000
acc: 0.850, TP: 0.000, TN: 0.850, FN: 0.150, FP: 0.000
==> 12/20 epoch, previous best: 0.850
loss: 0.3536; acc: 0.833, TP: 0.000, TN: 0.833, FN: 0.167, FP: 0.000
acc: 0.850, TP: 0.000, TN: 0.850, FN: 0.150, FP: 0.000
==> 13/20 epoch, previous best: 0.850
loss: 0.3520; acc: 0.833, TP: 0.000, TN: 0.833, FN: 0.167, FP: 0.000
acc: 0.850, TP: 0.000, TN: 0.850, FN: 0.150, FP: 0.000
==> 14/20 epoch, previous best: 0.850
loss: 0.3511; acc: 0.833, TP: 0.000, TN: 0.833, FN: 0.167, FP: 0.000
acc: 0.850, TP: 0.000, TN: 0.850, FN: 0.150, FP: 0.000
==> 15/20 epoch, previous best: 0.850
loss: 0.3489; acc: 0.833, TP: 0.000, TN: 0.833, FN: 0.167, FP: 0.000
acc: 0.850, TP: 0.000, TN: 0.850, FN: 0.150, FP: 0.000
==> 16/20 epoch, previous best: 0.850
loss: 0.3468; acc: 0.833, TP: 0.000, TN: 0.833, FN: 0.167, FP: 0.000
acc: 0.850, TP: 0.000, TN: 0.850, FN: 0.150, FP: 0.000
==> 17/20 epoch, previous best: 0.850
loss: 0.3457; acc: 0.833, TP: 0.000, TN: 0.833, FN: 0.167, FP: 0.000
acc: 0.850, TP: 0.000, TN: 0.850, FN: 0.150, FP: 0.000
==> 18/20 epoch, previous best: 0.850
loss: 0.3452; acc: 0.833, TP: 0.000, TN: 0.833, FN: 0.167, FP: 0.000
acc: 0.850, TP: 0.000, TN: 0.850, FN: 0.150, FP: 0.000
==> 19/20 epoch, previous best: 0.850
loss: 0.3443; acc: 0.833, TP: 0.000, TN: 0.833, FN: 0.167, FP: 0.000
acc: 0.850, TP: 0.000, TN: 0.850, FN: 0.150, FP: 0.000
==> 20/20 epoch, previous best: 0.850
loss: 0.3436; acc: 0.833, TP: 0.000, TN: 0.833, FN: 0.167, FP: 0.000
acc: 0.850, TP: 0.000, TN: 0.850, FN: 0.150, FP: 0.000
num of train batches:  44
==> 1/20 epoch, previous best: 0.000
num of train batches:  44
==> 1/20 epoch, previous best: 0.000
num of train batches:  44
==> 1/20 epoch, previous best: 0.000
num of train batches:  44
==> 1/20 epoch, previous best: 0.000
num of train batches:  44
==> 1/20 epoch, previous best: 0.000
num of train batches:  44
==> 1/20 epoch, previous best: 0.000
num of train batches:  15
==> 1/20 epoch, previous best: 0.000
loss: 0.1282; acc: 0.167, TP: 0.167, TN: 0.000, FN: 0.000, FP: 0.833
acc: 0.150, TP: 0.150, TN: 0.000, FN: 0.000, FP: 0.850
==> 2/20 epoch, previous best: 0.150
loss: 0.1258; acc: 0.180, TP: 0.113, TN: 0.067, FN: 0.053, FP: 0.767
acc: 0.275, TP: 0.150, TN: 0.125, FN: 0.000, FP: 0.725
==> 3/20 epoch, previous best: 0.275
loss: 0.1233; acc: 0.600, TP: 0.027, TN: 0.573, FN: 0.140, FP: 0.260
acc: 0.525, TP: 0.000, TN: 0.525, FN: 0.150, FP: 0.325
==> 4/20 epoch, previous best: 0.525
loss: 0.1206; acc: 0.780, TP: 0.000, TN: 0.780, FN: 0.167, FP: 0.053
acc: 0.850, TP: 0.000, TN: 0.850, FN: 0.150, FP: 0.000
==> 5/20 epoch, previous best: 0.850
loss: 0.1174; acc: 0.833, TP: 0.000, TN: 0.833, FN: 0.167, FP: 0.000
acc: 0.850, TP: 0.000, TN: 0.850, FN: 0.150, FP: 0.000
==> 6/20 epoch, previous best: 0.850
loss: 0.1135; acc: 0.833, TP: 0.000, TN: 0.833, FN: 0.167, FP: 0.000
acc: 0.850, TP: 0.000, TN: 0.850, FN: 0.150, FP: 0.000
==> 7/20 epoch, previous best: 0.850
loss: 0.1086; acc: 0.833, TP: 0.000, TN: 0.833, FN: 0.167, FP: 0.000
acc: 0.850, TP: 0.000, TN: 0.850, FN: 0.150, FP: 0.000
==> 8/20 epoch, previous best: 0.850
loss: 0.1022; acc: 0.833, TP: 0.000, TN: 0.833, FN: 0.167, FP: 0.000
acc: 0.850, TP: 0.000, TN: 0.850, FN: 0.150, FP: 0.000
==> 9/20 epoch, previous best: 0.850
loss: 0.0946; acc: 0.833, TP: 0.000, TN: 0.833, FN: 0.167, FP: 0.000
acc: 0.850, TP: 0.000, TN: 0.850, FN: 0.150, FP: 0.000
==> 10/20 epoch, previous best: 0.850
loss: 0.0875; acc: 0.833, TP: 0.000, TN: 0.833, FN: 0.167, FP: 0.000
acc: 0.850, TP: 0.000, TN: 0.850, FN: 0.150, FP: 0.000
==> 11/20 epoch, previous best: 0.850
loss: 0.0837; acc: 0.833, TP: 0.000, TN: 0.833, FN: 0.167, FP: 0.000
acc: 0.850, TP: 0.000, TN: 0.850, FN: 0.150, FP: 0.000
==> 12/20 epoch, previous best: 0.850
loss: 0.0817; acc: 0.833, TP: 0.000, TN: 0.833, FN: 0.167, FP: 0.000
acc: 0.850, TP: 0.000, TN: 0.850, FN: 0.150, FP: 0.000
==> 13/20 epoch, previous best: 0.850
loss: 0.0799; acc: 0.833, TP: 0.000, TN: 0.833, FN: 0.167, FP: 0.000
acc: 0.850, TP: 0.000, TN: 0.850, FN: 0.150, FP: 0.000
==> 14/20 epoch, previous best: 0.850
loss: 0.0787; acc: 0.833, TP: 0.000, TN: 0.833, FN: 0.167, FP: 0.000
acc: 0.850, TP: 0.000, TN: 0.850, FN: 0.150, FP: 0.000
==> 15/20 epoch, previous best: 0.850
loss: 0.0779; acc: 0.833, TP: 0.000, TN: 0.833, FN: 0.167, FP: 0.000
acc: 0.850, TP: 0.000, TN: 0.850, FN: 0.150, FP: 0.000
==> 16/20 epoch, previous best: 0.850
loss: 0.0780; acc: 0.833, TP: 0.000, TN: 0.833, FN: 0.167, FP: 0.000
acc: 0.850, TP: 0.000, TN: 0.850, FN: 0.150, FP: 0.000
==> 17/20 epoch, previous best: 0.850
loss: 0.0769; acc: 0.833, TP: 0.000, TN: 0.833, FN: 0.167, FP: 0.000
acc: 0.850, TP: 0.000, TN: 0.850, FN: 0.150, FP: 0.000
==> 18/20 epoch, previous best: 0.850
loss: 0.0770; acc: 0.833, TP: 0.000, TN: 0.833, FN: 0.167, FP: 0.000
acc: 0.850, TP: 0.000, TN: 0.850, FN: 0.150, FP: 0.000
==> 19/20 epoch, previous best: 0.850
loss: 0.0766; acc: 0.833, TP: 0.000, TN: 0.833, FN: 0.167, FP: 0.000
acc: 0.850, TP: 0.000, TN: 0.850, FN: 0.150, FP: 0.000
==> 20/20 epoch, previous best: 0.850
loss: 0.0769; acc: 0.833, TP: 0.000, TN: 0.833, FN: 0.167, FP: 0.000
acc: 0.850, TP: 0.000, TN: 0.850, FN: 0.150, FP: 0.000
num of train batches:  15
==> 1/20 epoch, previous best: 0.000
loss: 0.8667; acc: 0.833, TP: 0.000, TN: 0.833, FN: 0.167, FP: 0.000
acc: 0.850, TP: 0.000, TN: 0.850, FN: 0.150, FP: 0.000
==> 2/20 epoch, previous best: 0.850
num of train batches:  15
==> 1/20 epoch, previous best: 0.000
loss: 1.2548; acc: 0.167, TP: 0.167, TN: 0.000, FN: 0.000, FP: 0.833
acc: 0.150, TP: 0.150, TN: 0.000, FN: 0.000, FP: 0.850
==> 2/20 epoch, previous best: 0.150
loss: 1.2542; acc: 0.173, TP: 0.140, TN: 0.033, FN: 0.027, FP: 0.800
acc: 0.175, TP: 0.150, TN: 0.025, FN: 0.000, FP: 0.825
==> 3/20 epoch, previous best: 0.175
loss: 1.2537; acc: 0.453, TP: 0.040, TN: 0.413, FN: 0.127, FP: 0.420
acc: 0.525, TP: 0.000, TN: 0.525, FN: 0.150, FP: 0.325
==> 4/20 epoch, previous best: 0.525
loss: 1.2531; acc: 0.780, TP: 0.000, TN: 0.780, FN: 0.167, FP: 0.053
acc: 0.850, TP: 0.000, TN: 0.850, FN: 0.150, FP: 0.000
==> 5/20 epoch, previous best: 0.850
loss: 1.2525; acc: 0.833, TP: 0.000, TN: 0.833, FN: 0.167, FP: 0.000
acc: 0.850, TP: 0.000, TN: 0.850, FN: 0.150, FP: 0.000
==> 6/20 epoch, previous best: 0.850
loss: 1.2520; acc: 0.833, TP: 0.000, TN: 0.833, FN: 0.167, FP: 0.000
acc: 0.850, TP: 0.000, TN: 0.850, FN: 0.150, FP: 0.000
==> 7/20 epoch, previous best: 0.850
loss: 1.2514; acc: 0.833, TP: 0.000, TN: 0.833, FN: 0.167, FP: 0.000
acc: 0.850, TP: 0.000, TN: 0.850, FN: 0.150, FP: 0.000
==> 8/20 epoch, previous best: 0.850
loss: 1.2508; acc: 0.833, TP: 0.000, TN: 0.833, FN: 0.167, FP: 0.000
acc: 0.850, TP: 0.000, TN: 0.850, FN: 0.150, FP: 0.000
==> 9/20 epoch, previous best: 0.850
loss: 1.2502; acc: 0.833, TP: 0.000, TN: 0.833, FN: 0.167, FP: 0.000
acc: 0.850, TP: 0.000, TN: 0.850, FN: 0.150, FP: 0.000
==> 10/20 epoch, previous best: 0.850
loss: 1.2495; acc: 0.833, TP: 0.000, TN: 0.833, FN: 0.167, FP: 0.000
acc: 0.850, TP: 0.000, TN: 0.850, FN: 0.150, FP: 0.000
==> 11/20 epoch, previous best: 0.850
loss: 1.2487; acc: 0.833, TP: 0.000, TN: 0.833, FN: 0.167, FP: 0.000
acc: 0.850, TP: 0.000, TN: 0.850, FN: 0.150, FP: 0.000
==> 12/20 epoch, previous best: 0.850
loss: 1.2477; acc: 0.833, TP: 0.000, TN: 0.833, FN: 0.167, FP: 0.000
acc: 0.850, TP: 0.000, TN: 0.850, FN: 0.150, FP: 0.000
==> 13/20 epoch, previous best: 0.850
loss: 1.2464; acc: 0.833, TP: 0.000, TN: 0.833, FN: 0.167, FP: 0.000
acc: 0.850, TP: 0.000, TN: 0.850, FN: 0.150, FP: 0.000
==> 14/20 epoch, previous best: 0.850
loss: 1.2444; acc: 0.833, TP: 0.000, TN: 0.833, FN: 0.167, FP: 0.000
acc: 0.850, TP: 0.000, TN: 0.850, FN: 0.150, FP: 0.000
==> 15/20 epoch, previous best: 0.850
loss: 1.2407; acc: 0.833, TP: 0.000, TN: 0.833, FN: 0.167, FP: 0.000
acc: 0.850, TP: 0.000, TN: 0.850, FN: 0.150, FP: 0.000
==> 16/20 epoch, previous best: 0.850
loss: 1.2348; acc: 0.833, TP: 0.033, TN: 0.800, FN: 0.133, FP: 0.033
acc: 0.850, TP: 0.000, TN: 0.850, FN: 0.150, FP: 0.000
==> 17/20 epoch, previous best: 0.850
loss: 1.2283; acc: 0.787, TP: 0.053, TN: 0.733, FN: 0.113, FP: 0.100
acc: 0.825, TP: 0.000, TN: 0.825, FN: 0.150, FP: 0.025
==> 18/20 epoch, previous best: 0.850
loss: 1.2289; acc: 0.780, TP: 0.060, TN: 0.720, FN: 0.107, FP: 0.113
acc: 0.825, TP: 0.000, TN: 0.825, FN: 0.150, FP: 0.025
==> 19/20 epoch, previous best: 0.850
loss: 1.2466; acc: 0.787, TP: 0.080, TN: 0.707, FN: 0.087, FP: 0.127
acc: 0.825, TP: 0.000, TN: 0.825, FN: 0.150, FP: 0.025
==> 20/20 epoch, previous best: 0.850
loss: 1.2499; acc: 0.793, TP: 0.087, TN: 0.707, FN: 0.080, FP: 0.127
acc: 0.825, TP: 0.000, TN: 0.825, FN: 0.150, FP: 0.025
num of train batches:  15
==> 1/20 epoch, previous best: 0.000
loss: 2.6902; acc: 0.833, TP: 0.000, TN: 0.833, FN: 0.167, FP: 0.000
acc: 0.850, TP: 0.000, TN: 0.850, FN: 0.150, FP: 0.000
==> 2/20 epoch, previous best: 0.850
loss: 2.6791; acc: 0.813, TP: 0.027, TN: 0.787, FN: 0.140, FP: 0.047
acc: 0.825, TP: 0.000, TN: 0.825, FN: 0.150, FP: 0.025
==> 3/20 epoch, previous best: 0.850
loss: 2.6667; acc: 0.633, TP: 0.113, TN: 0.520, FN: 0.053, FP: 0.313
acc: 0.725, TP: 0.125, TN: 0.600, FN: 0.025, FP: 0.250
==> 4/20 epoch, previous best: 0.850
loss: 2.6521; acc: 0.320, TP: 0.153, TN: 0.167, FN: 0.013, FP: 0.667
acc: 0.475, TP: 0.150, TN: 0.325, FN: 0.000, FP: 0.525
==> 5/20 epoch, previous best: 0.850
loss: 2.6333; acc: 0.220, TP: 0.167, TN: 0.053, FN: 0.000, FP: 0.780
acc: 0.150, TP: 0.150, TN: 0.000, FN: 0.000, FP: 0.850
==> 6/20 epoch, previous best: 0.850
loss: 2.6076; acc: 0.167, TP: 0.167, TN: 0.000, FN: 0.000, FP: 0.833
acc: 0.150, TP: 0.150, TN: 0.000, FN: 0.000, FP: 0.850
==> 7/20 epoch, previous best: 0.850
loss: 2.5701; acc: 0.167, TP: 0.167, TN: 0.000, FN: 0.000, FP: 0.833
acc: 0.150, TP: 0.150, TN: 0.000, FN: 0.000, FP: 0.850
==> 8/20 epoch, previous best: 0.850
loss: 2.5145; acc: 0.167, TP: 0.167, TN: 0.000, FN: 0.000, FP: 0.833
acc: 0.150, TP: 0.150, TN: 0.000, FN: 0.000, FP: 0.850
==> 9/20 epoch, previous best: 0.850
loss: 2.4426; acc: 0.167, TP: 0.167, TN: 0.000, FN: 0.000, FP: 0.833
acc: 0.150, TP: 0.150, TN: 0.000, FN: 0.000, FP: 0.850
==> 10/20 epoch, previous best: 0.850
loss: 2.3797; acc: 0.167, TP: 0.167, TN: 0.000, FN: 0.000, FP: 0.833
acc: 0.150, TP: 0.150, TN: 0.000, FN: 0.000, FP: 0.850
==> 11/20 epoch, previous best: 0.850
loss: 2.3448; acc: 0.167, TP: 0.167, TN: 0.000, FN: 0.000, FP: 0.833
acc: 0.150, TP: 0.150, TN: 0.000, FN: 0.000, FP: 0.850
==> 12/20 epoch, previous best: 0.850
loss: 2.3277; acc: 0.167, TP: 0.167, TN: 0.000, FN: 0.000, FP: 0.833
acc: 0.150, TP: 0.150, TN: 0.000, FN: 0.000, FP: 0.850
==> 13/20 epoch, previous best: 0.850
loss: 2.3181; acc: 0.167, TP: 0.167, TN: 0.000, FN: 0.000, FP: 0.833
acc: 0.150, TP: 0.150, TN: 0.000, FN: 0.000, FP: 0.850
==> 14/20 epoch, previous best: 0.850
loss: 2.3116; acc: 0.167, TP: 0.167, TN: 0.000, FN: 0.000, FP: 0.833
acc: 0.150, TP: 0.150, TN: 0.000, FN: 0.000, FP: 0.850
==> 15/20 epoch, previous best: 0.850
loss: 2.3065; acc: 0.167, TP: 0.167, TN: 0.000, FN: 0.000, FP: 0.833
acc: 0.150, TP: 0.150, TN: 0.000, FN: 0.000, FP: 0.850
==> 16/20 epoch, previous best: 0.850
loss: 2.3018; acc: 0.167, TP: 0.167, TN: 0.000, FN: 0.000, FP: 0.833
acc: 0.150, TP: 0.150, TN: 0.000, FN: 0.000, FP: 0.850
==> 17/20 epoch, previous best: 0.850
loss: 2.2972; acc: 0.167, TP: 0.167, TN: 0.000, FN: 0.000, FP: 0.833
acc: 0.150, TP: 0.150, TN: 0.000, FN: 0.000, FP: 0.850
==> 18/20 epoch, previous best: 0.850
loss: 2.2921; acc: 0.167, TP: 0.167, TN: 0.000, FN: 0.000, FP: 0.833
acc: 0.150, TP: 0.150, TN: 0.000, FN: 0.000, FP: 0.850
==> 19/20 epoch, previous best: 0.850
loss: 2.2862; acc: 0.167, TP: 0.167, TN: 0.000, FN: 0.000, FP: 0.833
acc: 0.150, TP: 0.150, TN: 0.000, FN: 0.000, FP: 0.850
==> 20/20 epoch, previous best: 0.850
loss: 2.2785; acc: 0.167, TP: 0.167, TN: 0.000, FN: 0.000, FP: 0.833
acc: 0.150, TP: 0.150, TN: 0.000, FN: 0.000, FP: 0.850
num of train batches:  15
==> 1/20 epoch, previous best: 0.000
loss: 1.7191; acc: 0.167, TP: 0.167, TN: 0.000, FN: 0.000, FP: 0.833
acc: 0.150, TP: 0.150, TN: 0.000, FN: 0.000, FP: 0.850
==> 2/20 epoch, previous best: 0.150
loss: 1.7172; acc: 0.167, TP: 0.167, TN: 0.000, FN: 0.000, FP: 0.833
acc: 0.150, TP: 0.150, TN: 0.000, FN: 0.000, FP: 0.850
==> 3/20 epoch, previous best: 0.150
loss: 1.7151; acc: 0.167, TP: 0.167, TN: 0.000, FN: 0.000, FP: 0.833
acc: 0.150, TP: 0.150, TN: 0.000, FN: 0.000, FP: 0.850
==> 4/20 epoch, previous best: 0.150
loss: 1.7126; acc: 0.167, TP: 0.167, TN: 0.000, FN: 0.000, FP: 0.833
acc: 0.150, TP: 0.150, TN: 0.000, FN: 0.000, FP: 0.850
==> 5/20 epoch, previous best: 0.150
loss: 1.7095; acc: 0.167, TP: 0.167, TN: 0.000, FN: 0.000, FP: 0.833
acc: 0.150, TP: 0.150, TN: 0.000, FN: 0.000, FP: 0.850
==> 6/20 epoch, previous best: 0.150
loss: 1.7054; acc: 0.167, TP: 0.167, TN: 0.000, FN: 0.000, FP: 0.833
acc: 0.150, TP: 0.150, TN: 0.000, FN: 0.000, FP: 0.850
==> 7/20 epoch, previous best: 0.150
num of train batches:  15
==> 1/20 epoch, previous best: 0.000
loss: 1.2528; acc: 0.833, TP: 0.000, TN: 0.833, FN: 0.167, FP: 0.000
acc: 0.850, TP: 0.000, TN: 0.850, FN: 0.150, FP: 0.000
==> 2/20 epoch, previous best: 0.850
loss: 1.2523; acc: 0.833, TP: 0.000, TN: 0.833, FN: 0.167, FP: 0.000
acc: 0.850, TP: 0.000, TN: 0.850, FN: 0.150, FP: 0.000
==> 3/20 epoch, previous best: 0.850
loss: 1.2519; acc: 0.833, TP: 0.000, TN: 0.833, FN: 0.167, FP: 0.000
acc: 0.850, TP: 0.000, TN: 0.850, FN: 0.150, FP: 0.000
==> 4/20 epoch, previous best: 0.850
loss: 1.2514; acc: 0.833, TP: 0.000, TN: 0.833, FN: 0.167, FP: 0.000
acc: 0.850, TP: 0.000, TN: 0.850, FN: 0.150, FP: 0.000
==> 5/20 epoch, previous best: 0.850
loss: 1.2509; acc: 0.833, TP: 0.000, TN: 0.833, FN: 0.167, FP: 0.000
acc: 0.850, TP: 0.000, TN: 0.850, FN: 0.150, FP: 0.000
==> 6/20 epoch, previous best: 0.850
loss: 1.2505; acc: 0.833, TP: 0.000, TN: 0.833, FN: 0.167, FP: 0.000
acc: 0.850, TP: 0.000, TN: 0.850, FN: 0.150, FP: 0.000
==> 7/20 epoch, previous best: 0.850
loss: 1.2500; acc: 0.833, TP: 0.000, TN: 0.833, FN: 0.167, FP: 0.000
acc: 0.850, TP: 0.000, TN: 0.850, FN: 0.150, FP: 0.000
==> 8/20 epoch, previous best: 0.850
num of train batches:  15
==> 1/20 epoch, previous best: 0.000
loss: 1.4430; acc: 0.167, TP: 0.167, TN: 0.000, FN: 0.000, FP: 0.833
acc: 0.150, TP: 0.150, TN: 0.000, FN: 0.000, FP: 0.850
==> 2/20 epoch, previous best: 0.150
loss: 1.4427; acc: 0.167, TP: 0.167, TN: 0.000, FN: 0.000, FP: 0.833
acc: 0.150, TP: 0.150, TN: 0.000, FN: 0.000, FP: 0.850
==> 3/20 epoch, previous best: 0.150
loss: 1.4424; acc: 0.167, TP: 0.167, TN: 0.000, FN: 0.000, FP: 0.833
acc: 0.150, TP: 0.150, TN: 0.000, FN: 0.000, FP: 0.850
==> 4/20 epoch, previous best: 0.150
loss: 1.4419; acc: 0.167, TP: 0.167, TN: 0.000, FN: 0.000, FP: 0.833
acc: 0.150, TP: 0.150, TN: 0.000, FN: 0.000, FP: 0.850
==> 5/20 epoch, previous best: 0.150
loss: 1.4414; acc: 0.167, TP: 0.167, TN: 0.000, FN: 0.000, FP: 0.833
acc: 0.150, TP: 0.150, TN: 0.000, FN: 0.000, FP: 0.850
==> 6/20 epoch, previous best: 0.150
loss: 1.4408; acc: 0.167, TP: 0.167, TN: 0.000, FN: 0.000, FP: 0.833
acc: 0.150, TP: 0.150, TN: 0.000, FN: 0.000, FP: 0.850
==> 7/20 epoch, previous best: 0.150
loss: 1.4399; acc: 0.167, TP: 0.167, TN: 0.000, FN: 0.000, FP: 0.833
acc: 0.150, TP: 0.150, TN: 0.000, FN: 0.000, FP: 0.850
==> 8/20 epoch, previous best: 0.150
loss: 1.4387; acc: 0.167, TP: 0.167, TN: 0.000, FN: 0.000, FP: 0.833
acc: 0.475, TP: 0.150, TN: 0.325, FN: 0.000, FP: 0.525
==> 9/20 epoch, previous best: 0.475
loss: 1.4368; acc: 0.267, TP: 0.167, TN: 0.100, FN: 0.000, FP: 0.733
acc: 0.475, TP: 0.150, TN: 0.325, FN: 0.000, FP: 0.525
==> 10/20 epoch, previous best: 0.475
loss: 1.4340; acc: 0.267, TP: 0.167, TN: 0.100, FN: 0.000, FP: 0.733
acc: 0.475, TP: 0.150, TN: 0.325, FN: 0.000, FP: 0.525
==> 11/20 epoch, previous best: 0.475
loss: 1.4301; acc: 0.267, TP: 0.167, TN: 0.100, FN: 0.000, FP: 0.733
acc: 0.475, TP: 0.150, TN: 0.325, FN: 0.000, FP: 0.525
==> 12/20 epoch, previous best: 0.475
loss: 1.4262; acc: 0.267, TP: 0.167, TN: 0.100, FN: 0.000, FP: 0.733
acc: 0.475, TP: 0.150, TN: 0.325, FN: 0.000, FP: 0.525
==> 13/20 epoch, previous best: 0.475
loss: 1.4242; acc: 0.267, TP: 0.167, TN: 0.100, FN: 0.000, FP: 0.733
acc: 0.475, TP: 0.150, TN: 0.325, FN: 0.000, FP: 0.525
==> 14/20 epoch, previous best: 0.475
loss: 1.4239; acc: 0.267, TP: 0.167, TN: 0.100, FN: 0.000, FP: 0.733
acc: 0.575, TP: 0.150, TN: 0.425, FN: 0.000, FP: 0.425
==> 15/20 epoch, previous best: 0.575
loss: 1.4243; acc: 0.367, TP: 0.167, TN: 0.200, FN: 0.000, FP: 0.633
acc: 0.675, TP: 0.150, TN: 0.525, FN: 0.000, FP: 0.325
==> 16/20 epoch, previous best: 0.675
loss: 1.4250; acc: 0.447, TP: 0.167, TN: 0.280, FN: 0.000, FP: 0.553
acc: 0.775, TP: 0.150, TN: 0.625, FN: 0.000, FP: 0.225
==> 17/20 epoch, previous best: 0.775
loss: 1.4264; acc: 0.547, TP: 0.127, TN: 0.420, FN: 0.040, FP: 0.413
acc: 0.750, TP: 0.075, TN: 0.675, FN: 0.075, FP: 0.175
==> 18/20 epoch, previous best: 0.775
loss: 1.4281; acc: 0.600, TP: 0.120, TN: 0.480, FN: 0.047, FP: 0.353
acc: 0.750, TP: 0.050, TN: 0.700, FN: 0.100, FP: 0.150
==> 19/20 epoch, previous best: 0.775
loss: 1.4301; acc: 0.613, TP: 0.120, TN: 0.493, FN: 0.047, FP: 0.340
acc: 0.750, TP: 0.050, TN: 0.700, FN: 0.100, FP: 0.150
==> 20/20 epoch, previous best: 0.775
loss: 1.4334; acc: 0.627, TP: 0.120, TN: 0.507, FN: 0.047, FP: 0.327
acc: 0.775, TP: 0.050, TN: 0.725, FN: 0.100, FP: 0.125
num of train batches:  15
==> 1/20 epoch, previous best: 0.000
loss: 1.4430; acc: 0.167, TP: 0.167, TN: 0.000, FN: 0.000, FP: 0.833
acc: 0.150, TP: 0.150, TN: 0.000, FN: 0.000, FP: 0.850
==> 2/20 epoch, previous best: 0.150
loss: 1.4427; acc: 0.167, TP: 0.167, TN: 0.000, FN: 0.000, FP: 0.833
acc: 0.150, TP: 0.150, TN: 0.000, FN: 0.000, FP: 0.850
==> 3/20 epoch, previous best: 0.150
loss: 1.4424; acc: 0.167, TP: 0.167, TN: 0.000, FN: 0.000, FP: 0.833
acc: 0.150, TP: 0.150, TN: 0.000, FN: 0.000, FP: 0.850
==> 4/20 epoch, previous best: 0.150
loss: 1.4420; acc: 0.167, TP: 0.167, TN: 0.000, FN: 0.000, FP: 0.833
acc: 0.150, TP: 0.150, TN: 0.000, FN: 0.000, FP: 0.850
==> 5/20 epoch, previous best: 0.150
loss: 1.4416; acc: 0.167, TP: 0.167, TN: 0.000, FN: 0.000, FP: 0.833
acc: 0.150, TP: 0.150, TN: 0.000, FN: 0.000, FP: 0.850
==> 6/20 epoch, previous best: 0.150
loss: 1.4412; acc: 0.167, TP: 0.167, TN: 0.000, FN: 0.000, FP: 0.833
acc: 0.150, TP: 0.150, TN: 0.000, FN: 0.000, FP: 0.850
==> 7/20 epoch, previous best: 0.150
loss: 1.4405; acc: 0.167, TP: 0.167, TN: 0.000, FN: 0.000, FP: 0.833
acc: 0.150, TP: 0.150, TN: 0.000, FN: 0.000, FP: 0.850
==> 8/20 epoch, previous best: 0.150
loss: 1.4397; acc: 0.167, TP: 0.167, TN: 0.000, FN: 0.000, FP: 0.833
acc: 0.150, TP: 0.150, TN: 0.000, FN: 0.000, FP: 0.850
==> 9/20 epoch, previous best: 0.150
loss: 1.4385; acc: 0.167, TP: 0.167, TN: 0.000, FN: 0.000, FP: 0.833
acc: 0.150, TP: 0.150, TN: 0.000, FN: 0.000, FP: 0.850
==> 10/20 epoch, previous best: 0.150
loss: 1.4368; acc: 0.167, TP: 0.167, TN: 0.000, FN: 0.000, FP: 0.833
acc: 0.300, TP: 0.150, TN: 0.150, FN: 0.000, FP: 0.700
==> 11/20 epoch, previous best: 0.300
loss: 1.4342; acc: 0.240, TP: 0.167, TN: 0.073, FN: 0.000, FP: 0.760
acc: 0.475, TP: 0.150, TN: 0.325, FN: 0.000, FP: 0.525
==> 12/20 epoch, previous best: 0.475
loss: 1.4306; acc: 0.267, TP: 0.167, TN: 0.100, FN: 0.000, FP: 0.733
acc: 0.475, TP: 0.150, TN: 0.325, FN: 0.000, FP: 0.525
==> 13/20 epoch, previous best: 0.475
loss: 1.4263; acc: 0.267, TP: 0.167, TN: 0.100, FN: 0.000, FP: 0.733
acc: 0.475, TP: 0.150, TN: 0.325, FN: 0.000, FP: 0.525
==> 14/20 epoch, previous best: 0.475
loss: 1.4232; acc: 0.267, TP: 0.167, TN: 0.100, FN: 0.000, FP: 0.733
acc: 0.475, TP: 0.150, TN: 0.325, FN: 0.000, FP: 0.525
==> 15/20 epoch, previous best: 0.475
loss: 1.4224; acc: 0.267, TP: 0.167, TN: 0.100, FN: 0.000, FP: 0.733
acc: 0.475, TP: 0.150, TN: 0.325, FN: 0.000, FP: 0.525
==> 16/20 epoch, previous best: 0.475
loss: 1.4227; acc: 0.353, TP: 0.167, TN: 0.187, FN: 0.000, FP: 0.647
acc: 0.700, TP: 0.150, TN: 0.550, FN: 0.000, FP: 0.300
==> 17/20 epoch, previous best: 0.700
loss: 1.4236; acc: 0.447, TP: 0.160, TN: 0.287, FN: 0.007, FP: 0.547
acc: 0.750, TP: 0.150, TN: 0.600, FN: 0.000, FP: 0.250
==> 18/20 epoch, previous best: 0.750
loss: 1.4250; acc: 0.533, TP: 0.133, TN: 0.400, FN: 0.033, FP: 0.433
acc: 0.750, TP: 0.050, TN: 0.700, FN: 0.100, FP: 0.150
==> 19/20 epoch, previous best: 0.750
loss: 1.4244; acc: 0.613, TP: 0.120, TN: 0.493, FN: 0.047, FP: 0.340
acc: 0.750, TP: 0.050, TN: 0.700, FN: 0.100, FP: 0.150
==> 20/20 epoch, previous best: 0.750
loss: 1.4254; acc: 0.627, TP: 0.120, TN: 0.507, FN: 0.047, FP: 0.327
acc: 0.775, TP: 0.050, TN: 0.725, FN: 0.100, FP: 0.125
num of train batches:  15
==> 1/20 epoch, previous best: 0.000
loss: 1.4427; acc: 0.167, TP: 0.167, TN: 0.000, FN: 0.000, FP: 0.833
acc: 0.150, TP: 0.150, TN: 0.000, FN: 0.000, FP: 0.850
==> 2/20 epoch, previous best: 0.150
num of train batches:  15
==> 1/20 epoch, previous best: 0.000
loss: 0.6784; acc: 0.833, TP: 0.000, TN: 0.833, FN: 0.167, FP: 0.000
acc: 0.850, TP: 0.000, TN: 0.850, FN: 0.150, FP: 0.000
==> 2/20 epoch, previous best: 0.850
num of train batches:  15
==> 1/20 epoch, previous best: 0.000
loss: 0.7071; acc: 0.167, TP: 0.167, TN: 0.000, FN: 0.000, FP: 0.833
acc: 0.150, TP: 0.150, TN: 0.000, FN: 0.000, FP: 0.850
==> 2/20 epoch, previous best: 0.150
loss: 0.6968; acc: 0.173, TP: 0.100, TN: 0.073, FN: 0.067, FP: 0.760
acc: 0.275, TP: 0.150, TN: 0.125, FN: 0.000, FP: 0.725
==> 3/20 epoch, previous best: 0.275
loss: 0.6861; acc: 0.600, TP: 0.027, TN: 0.573, FN: 0.140, FP: 0.260
num of train batches:  15
==> 1/20 epoch, previous best: 0.000
loss: 1.4445; acc: 0.833, TP: 0.000, TN: 0.833, FN: 0.167, FP: 0.000
acc: 0.850, TP: 0.000, TN: 0.850, FN: 0.150, FP: 0.000
==> 2/20 epoch, previous best: 0.850
loss: 1.4441; acc: 0.833, TP: 0.000, TN: 0.833, FN: 0.167, FP: 0.000
acc: 0.850, TP: 0.000, TN: 0.850, FN: 0.150, FP: 0.000
==> 3/20 epoch, previous best: 0.850
loss: 1.4436; acc: 0.833, TP: 0.000, TN: 0.833, FN: 0.167, FP: 0.000
acc: 0.850, TP: 0.000, TN: 0.850, FN: 0.150, FP: 0.000
==> 4/20 epoch, previous best: 0.850
loss: 1.4432; acc: 0.833, TP: 0.000, TN: 0.833, FN: 0.167, FP: 0.000
acc: 0.850, TP: 0.000, TN: 0.850, FN: 0.150, FP: 0.000
==> 5/20 epoch, previous best: 0.850
loss: 1.4427; acc: 0.833, TP: 0.000, TN: 0.833, FN: 0.167, FP: 0.000
acc: 0.850, TP: 0.000, TN: 0.850, FN: 0.150, FP: 0.000
==> 6/20 epoch, previous best: 0.850
loss: 1.4421; acc: 0.840, TP: 0.027, TN: 0.813, FN: 0.140, FP: 0.020
acc: 0.850, TP: 0.000, TN: 0.850, FN: 0.150, FP: 0.000
==> 7/20 epoch, previous best: 0.850
loss: 1.4414; acc: 0.773, TP: 0.067, TN: 0.707, FN: 0.100, FP: 0.127
acc: 0.825, TP: 0.000, TN: 0.825, FN: 0.150, FP: 0.025
==> 8/20 epoch, previous best: 0.850
loss: 1.4404; acc: 0.787, TP: 0.093, TN: 0.693, FN: 0.073, FP: 0.140
acc: 0.725, TP: 0.000, TN: 0.725, FN: 0.150, FP: 0.125
==> 9/20 epoch, previous best: 0.850
loss: 1.4392; acc: 0.727, TP: 0.100, TN: 0.627, FN: 0.067, FP: 0.207
acc: 0.725, TP: 0.025, TN: 0.700, FN: 0.125, FP: 0.150
==> 10/20 epoch, previous best: 0.850
loss: 1.4373; acc: 0.560, TP: 0.127, TN: 0.433, FN: 0.040, FP: 0.400
acc: 0.725, TP: 0.125, TN: 0.600, FN: 0.025, FP: 0.250
==> 11/20 epoch, previous best: 0.850
loss: 1.4346; acc: 0.500, TP: 0.140, TN: 0.360, FN: 0.027, FP: 0.473
acc: 0.725, TP: 0.150, TN: 0.575, FN: 0.000, FP: 0.275
==> 12/20 epoch, previous best: 0.850
loss: 1.4305; acc: 0.473, TP: 0.153, TN: 0.320, FN: 0.013, FP: 0.513
acc: 0.675, TP: 0.150, TN: 0.525, FN: 0.000, FP: 0.325
==> 13/20 epoch, previous best: 0.850
loss: 1.4251; acc: 0.327, TP: 0.167, TN: 0.160, FN: 0.000, FP: 0.673
acc: 0.550, TP: 0.150, TN: 0.400, FN: 0.000, FP: 0.450
==> 14/20 epoch, previous best: 0.850
loss: 1.4206; acc: 0.320, TP: 0.167, TN: 0.153, FN: 0.000, FP: 0.680
acc: 0.625, TP: 0.150, TN: 0.475, FN: 0.000, FP: 0.375
==> 15/20 epoch, previous best: 0.850
loss: 1.4194; acc: 0.373, TP: 0.167, TN: 0.207, FN: 0.000, FP: 0.627
acc: 0.725, TP: 0.150, TN: 0.575, FN: 0.000, FP: 0.275
==> 16/20 epoch, previous best: 0.850
loss: 1.4201; acc: 0.440, TP: 0.160, TN: 0.280, FN: 0.007, FP: 0.553
acc: 0.725, TP: 0.150, TN: 0.575, FN: 0.000, FP: 0.275
==> 17/20 epoch, previous best: 0.850
loss: 1.4211; acc: 0.547, TP: 0.140, TN: 0.407, FN: 0.027, FP: 0.427
acc: 0.750, TP: 0.075, TN: 0.675, FN: 0.075, FP: 0.175
==> 18/20 epoch, previous best: 0.850
loss: 1.4230; acc: 0.600, TP: 0.120, TN: 0.480, FN: 0.047, FP: 0.353
acc: 0.750, TP: 0.050, TN: 0.700, FN: 0.100, FP: 0.150
==> 19/20 epoch, previous best: 0.850
loss: 1.4258; acc: 0.627, TP: 0.120, TN: 0.507, FN: 0.047, FP: 0.327
acc: 0.750, TP: 0.050, TN: 0.700, FN: 0.100, FP: 0.150
==> 20/20 epoch, previous best: 0.850
loss: 1.4285; acc: 0.640, TP: 0.120, TN: 0.520, FN: 0.047, FP: 0.313
acc: 0.775, TP: 0.050, TN: 0.725, FN: 0.100, FP: 0.125
num of train batches:  15
==> 1/20 epoch, previous best: 0.000
loss: 1.7267; acc: 0.420, TP: 0.067, TN: 0.353, FN: 0.100, FP: 0.480
acc: 0.150, TP: 0.150, TN: 0.000, FN: 0.000, FP: 0.850
==> 2/20 epoch, previous best: 0.150
loss: 1.7242; acc: 0.167, TP: 0.167, TN: 0.000, FN: 0.000, FP: 0.833
acc: 0.150, TP: 0.150, TN: 0.000, FN: 0.000, FP: 0.850
==> 3/20 epoch, previous best: 0.150
loss: 1.7217; acc: 0.167, TP: 0.167, TN: 0.000, FN: 0.000, FP: 0.833
acc: 0.150, TP: 0.150, TN: 0.000, FN: 0.000, FP: 0.850
==> 4/20 epoch, previous best: 0.150
loss: 1.7188; acc: 0.167, TP: 0.167, TN: 0.000, FN: 0.000, FP: 0.833
acc: 0.150, TP: 0.150, TN: 0.000, FN: 0.000, FP: 0.850
==> 5/20 epoch, previous best: 0.150
loss: 1.7154; acc: 0.167, TP: 0.167, TN: 0.000, FN: 0.000, FP: 0.833
acc: 0.150, TP: 0.150, TN: 0.000, FN: 0.000, FP: 0.850
==> 6/20 epoch, previous best: 0.150
loss: 1.7109; acc: 0.167, TP: 0.167, TN: 0.000, FN: 0.000, FP: 0.833
acc: 0.150, TP: 0.150, TN: 0.000, FN: 0.000, FP: 0.850
==> 7/20 epoch, previous best: 0.150
loss: 1.7049; acc: 0.167, TP: 0.167, TN: 0.000, FN: 0.000, FP: 0.833
acc: 0.150, TP: 0.150, TN: 0.000, FN: 0.000, FP: 0.850
==> 8/20 epoch, previous best: 0.150
loss: 1.6962; acc: 0.167, TP: 0.167, TN: 0.000, FN: 0.000, FP: 0.833
acc: 0.150, TP: 0.150, TN: 0.000, FN: 0.000, FP: 0.850
==> 9/20 epoch, previous best: 0.150
loss: 1.6842; acc: 0.167, TP: 0.167, TN: 0.000, FN: 0.000, FP: 0.833
acc: 0.150, TP: 0.150, TN: 0.000, FN: 0.000, FP: 0.850
==> 10/20 epoch, previous best: 0.150
loss: 1.6699; acc: 0.167, TP: 0.167, TN: 0.000, FN: 0.000, FP: 0.833
acc: 0.150, TP: 0.150, TN: 0.000, FN: 0.000, FP: 0.850
==> 11/20 epoch, previous best: 0.150
loss: 1.6580; acc: 0.167, TP: 0.167, TN: 0.000, FN: 0.000, FP: 0.833
acc: 0.150, TP: 0.150, TN: 0.000, FN: 0.000, FP: 0.850
==> 12/20 epoch, previous best: 0.150
loss: 1.6515; acc: 0.167, TP: 0.167, TN: 0.000, FN: 0.000, FP: 0.833
acc: 0.150, TP: 0.150, TN: 0.000, FN: 0.000, FP: 0.850
==> 13/20 epoch, previous best: 0.150
loss: 1.6493; acc: 0.167, TP: 0.167, TN: 0.000, FN: 0.000, FP: 0.833
acc: 0.150, TP: 0.150, TN: 0.000, FN: 0.000, FP: 0.850
==> 14/20 epoch, previous best: 0.150
loss: 1.6489; acc: 0.167, TP: 0.167, TN: 0.000, FN: 0.000, FP: 0.833
acc: 0.150, TP: 0.150, TN: 0.000, FN: 0.000, FP: 0.850
==> 15/20 epoch, previous best: 0.150
loss: 1.6488; acc: 0.167, TP: 0.167, TN: 0.000, FN: 0.000, FP: 0.833
acc: 0.150, TP: 0.150, TN: 0.000, FN: 0.000, FP: 0.850
==> 16/20 epoch, previous best: 0.150
loss: 1.6494; acc: 0.167, TP: 0.167, TN: 0.000, FN: 0.000, FP: 0.833
acc: 0.150, TP: 0.150, TN: 0.000, FN: 0.000, FP: 0.850
==> 17/20 epoch, previous best: 0.150
loss: 1.6505; acc: 0.167, TP: 0.167, TN: 0.000, FN: 0.000, FP: 0.833
acc: 0.150, TP: 0.150, TN: 0.000, FN: 0.000, FP: 0.850
==> 18/20 epoch, previous best: 0.150
loss: 1.6520; acc: 0.167, TP: 0.167, TN: 0.000, FN: 0.000, FP: 0.833
acc: 0.475, TP: 0.150, TN: 0.325, FN: 0.000, FP: 0.525
==> 19/20 epoch, previous best: 0.475
loss: 1.6533; acc: 0.267, TP: 0.167, TN: 0.100, FN: 0.000, FP: 0.733
acc: 0.475, TP: 0.150, TN: 0.325, FN: 0.000, FP: 0.525
==> 20/20 epoch, previous best: 0.475
loss: 1.6544; acc: 0.267, TP: 0.167, TN: 0.100, FN: 0.000, FP: 0.733
acc: 0.475, TP: 0.150, TN: 0.325, FN: 0.000, FP: 0.525
num of train batches:  15
==> 1/20 epoch, previous best: 0.000
loss: 1.7237; acc: 0.167, TP: 0.167, TN: 0.000, FN: 0.000, FP: 0.833
acc: 0.150, TP: 0.150, TN: 0.000, FN: 0.000, FP: 0.850
==> 2/20 epoch, previous best: 0.150
loss: 1.7223; acc: 0.167, TP: 0.167, TN: 0.000, FN: 0.000, FP: 0.833
acc: 0.150, TP: 0.150, TN: 0.000, FN: 0.000, FP: 0.850
==> 3/20 epoch, previous best: 0.150
loss: 1.7208; acc: 0.167, TP: 0.167, TN: 0.000, FN: 0.000, FP: 0.833
acc: 0.150, TP: 0.150, TN: 0.000, FN: 0.000, FP: 0.850
==> 4/20 epoch, previous best: 0.150
loss: 1.7191; acc: 0.167, TP: 0.167, TN: 0.000, FN: 0.000, FP: 0.833
acc: 0.150, TP: 0.150, TN: 0.000, FN: 0.000, FP: 0.850
==> 5/20 epoch, previous best: 0.150
loss: 1.7170; acc: 0.167, TP: 0.167, TN: 0.000, FN: 0.000, FP: 0.833
acc: 0.150, TP: 0.150, TN: 0.000, FN: 0.000, FP: 0.850
==> 6/20 epoch, previous best: 0.150
loss: 1.7144; acc: 0.167, TP: 0.167, TN: 0.000, FN: 0.000, FP: 0.833
acc: 0.150, TP: 0.150, TN: 0.000, FN: 0.000, FP: 0.850
==> 7/20 epoch, previous best: 0.150
loss: 1.7112; acc: 0.167, TP: 0.167, TN: 0.000, FN: 0.000, FP: 0.833
acc: 0.150, TP: 0.150, TN: 0.000, FN: 0.000, FP: 0.850
==> 8/20 epoch, previous best: 0.150
loss: 1.7068; acc: 0.167, TP: 0.167, TN: 0.000, FN: 0.000, FP: 0.833
acc: 0.150, TP: 0.150, TN: 0.000, FN: 0.000, FP: 0.850
==> 9/20 epoch, previous best: 0.150
loss: 1.7006; acc: 0.167, TP: 0.167, TN: 0.000, FN: 0.000, FP: 0.833
acc: 0.150, TP: 0.150, TN: 0.000, FN: 0.000, FP: 0.850
==> 10/20 epoch, previous best: 0.150
loss: 1.6917; acc: 0.167, TP: 0.167, TN: 0.000, FN: 0.000, FP: 0.833
acc: 0.150, TP: 0.150, TN: 0.000, FN: 0.000, FP: 0.850
==> 11/20 epoch, previous best: 0.150
loss: 1.6792; acc: 0.167, TP: 0.167, TN: 0.000, FN: 0.000, FP: 0.833
acc: 0.150, TP: 0.150, TN: 0.000, FN: 0.000, FP: 0.850
==> 12/20 epoch, previous best: 0.150
loss: 1.6645; acc: 0.167, TP: 0.167, TN: 0.000, FN: 0.000, FP: 0.833
acc: 0.150, TP: 0.150, TN: 0.000, FN: 0.000, FP: 0.850
==> 13/20 epoch, previous best: 0.150
loss: 1.6535; acc: 0.167, TP: 0.167, TN: 0.000, FN: 0.000, FP: 0.833
acc: 0.150, TP: 0.150, TN: 0.000, FN: 0.000, FP: 0.850
==> 14/20 epoch, previous best: 0.150
loss: 1.6485; acc: 0.167, TP: 0.167, TN: 0.000, FN: 0.000, FP: 0.833
acc: 0.150, TP: 0.150, TN: 0.000, FN: 0.000, FP: 0.850
==> 15/20 epoch, previous best: 0.150
loss: 1.6473; acc: 0.167, TP: 0.167, TN: 0.000, FN: 0.000, FP: 0.833
acc: 0.150, TP: 0.150, TN: 0.000, FN: 0.000, FP: 0.850
==> 16/20 epoch, previous best: 0.150
loss: 1.6470; acc: 0.167, TP: 0.167, TN: 0.000, FN: 0.000, FP: 0.833
acc: 0.150, TP: 0.150, TN: 0.000, FN: 0.000, FP: 0.850
==> 17/20 epoch, previous best: 0.150
loss: 1.6466; acc: 0.167, TP: 0.167, TN: 0.000, FN: 0.000, FP: 0.833
acc: 0.150, TP: 0.150, TN: 0.000, FN: 0.000, FP: 0.850
==> 18/20 epoch, previous best: 0.150
loss: 1.6464; acc: 0.167, TP: 0.167, TN: 0.000, FN: 0.000, FP: 0.833
acc: 0.150, TP: 0.150, TN: 0.000, FN: 0.000, FP: 0.850
==> 19/20 epoch, previous best: 0.150
loss: 1.6467; acc: 0.167, TP: 0.167, TN: 0.000, FN: 0.000, FP: 0.833
acc: 0.150, TP: 0.150, TN: 0.000, FN: 0.000, FP: 0.850
==> 20/20 epoch, previous best: 0.150
loss: 1.6473; acc: 0.167, TP: 0.167, TN: 0.000, FN: 0.000, FP: 0.833
acc: 0.150, TP: 0.150, TN: 0.000, FN: 0.000, FP: 0.850
num of train batches:  15
==> 1/20 epoch, previous best: 0.000
loss: 1.2533; acc: 0.833, TP: 0.000, TN: 0.833, FN: 0.167, FP: 0.000
acc: 0.850, TP: 0.000, TN: 0.850, FN: 0.150, FP: 0.000
==> 2/20 epoch, previous best: 0.850
loss: 1.2533; acc: 0.833, TP: 0.000, TN: 0.833, FN: 0.167, FP: 0.000
acc: 0.850, TP: 0.000, TN: 0.850, FN: 0.150, FP: 0.000
==> 3/20 epoch, previous best: 0.850
loss: 1.2533; acc: 0.833, TP: 0.000, TN: 0.833, FN: 0.167, FP: 0.000
acc: 0.850, TP: 0.000, TN: 0.850, FN: 0.150, FP: 0.000
==> 4/20 epoch, previous best: 0.850
loss: 1.2533; acc: 0.833, TP: 0.000, TN: 0.833, FN: 0.167, FP: 0.000
acc: 0.850, TP: 0.000, TN: 0.850, FN: 0.150, FP: 0.000
==> 5/20 epoch, previous best: 0.850
loss: 1.2533; acc: 0.833, TP: 0.000, TN: 0.833, FN: 0.167, FP: 0.000
acc: 0.850, TP: 0.000, TN: 0.850, FN: 0.150, FP: 0.000
==> 6/20 epoch, previous best: 0.850
loss: 1.2533; acc: 0.833, TP: 0.000, TN: 0.833, FN: 0.167, FP: 0.000
acc: 0.850, TP: 0.000, TN: 0.850, FN: 0.150, FP: 0.000
==> 7/20 epoch, previous best: 0.850
loss: 1.2533; acc: 0.833, TP: 0.000, TN: 0.833, FN: 0.167, FP: 0.000
acc: 0.850, TP: 0.000, TN: 0.850, FN: 0.150, FP: 0.000
==> 8/20 epoch, previous best: 0.850
loss: 1.2533; acc: 0.833, TP: 0.000, TN: 0.833, FN: 0.167, FP: 0.000
acc: 0.850, TP: 0.000, TN: 0.850, FN: 0.150, FP: 0.000
==> 9/20 epoch, previous best: 0.850
loss: 1.2533; acc: 0.833, TP: 0.000, TN: 0.833, FN: 0.167, FP: 0.000
acc: 0.850, TP: 0.000, TN: 0.850, FN: 0.150, FP: 0.000
==> 10/20 epoch, previous best: 0.850
loss: 1.2533; acc: 0.833, TP: 0.000, TN: 0.833, FN: 0.167, FP: 0.000
acc: 0.850, TP: 0.000, TN: 0.850, FN: 0.150, FP: 0.000
==> 11/20 epoch, previous best: 0.850
loss: 1.2533; acc: 0.833, TP: 0.000, TN: 0.833, FN: 0.167, FP: 0.000
acc: 0.850, TP: 0.000, TN: 0.850, FN: 0.150, FP: 0.000
==> 12/20 epoch, previous best: 0.850
loss: 1.2533; acc: 0.833, TP: 0.000, TN: 0.833, FN: 0.167, FP: 0.000
acc: 0.850, TP: 0.000, TN: 0.850, FN: 0.150, FP: 0.000
==> 13/20 epoch, previous best: 0.850
loss: 1.2533; acc: 0.833, TP: 0.000, TN: 0.833, FN: 0.167, FP: 0.000
acc: 0.850, TP: 0.000, TN: 0.850, FN: 0.150, FP: 0.000
==> 14/20 epoch, previous best: 0.850
num of train batches:  15
==> 1/20 epoch, previous best: 0.000
loss: 1.4425; acc: 0.167, TP: 0.167, TN: 0.000, FN: 0.000, FP: 0.833
acc: 0.150, TP: 0.150, TN: 0.000, FN: 0.000, FP: 0.850
==> 2/20 epoch, previous best: 0.150
loss: 1.4423; acc: 0.167, TP: 0.167, TN: 0.000, FN: 0.000, FP: 0.833
acc: 0.150, TP: 0.150, TN: 0.000, FN: 0.000, FP: 0.850
==> 3/20 epoch, previous best: 0.150
loss: 1.4420; acc: 0.167, TP: 0.167, TN: 0.000, FN: 0.000, FP: 0.833
acc: 0.150, TP: 0.150, TN: 0.000, FN: 0.000, FP: 0.850
==> 4/20 epoch, previous best: 0.150
loss: 1.4418; acc: 0.167, TP: 0.167, TN: 0.000, FN: 0.000, FP: 0.833
acc: 0.150, TP: 0.150, TN: 0.000, FN: 0.000, FP: 0.850
==> 5/20 epoch, previous best: 0.150
loss: 1.4415; acc: 0.167, TP: 0.167, TN: 0.000, FN: 0.000, FP: 0.833
acc: 0.150, TP: 0.150, TN: 0.000, FN: 0.000, FP: 0.850
==> 6/20 epoch, previous best: 0.150
loss: 1.4411; acc: 0.167, TP: 0.167, TN: 0.000, FN: 0.000, FP: 0.833
acc: 0.150, TP: 0.150, TN: 0.000, FN: 0.000, FP: 0.850
==> 7/20 epoch, previous best: 0.150
loss: 1.4407; acc: 0.167, TP: 0.167, TN: 0.000, FN: 0.000, FP: 0.833
acc: 0.150, TP: 0.150, TN: 0.000, FN: 0.000, FP: 0.850
==> 8/20 epoch, previous best: 0.150
loss: 1.4401; acc: 0.167, TP: 0.167, TN: 0.000, FN: 0.000, FP: 0.833
acc: 0.150, TP: 0.150, TN: 0.000, FN: 0.000, FP: 0.850
==> 9/20 epoch, previous best: 0.150
loss: 1.4395; acc: 0.167, TP: 0.167, TN: 0.000, FN: 0.000, FP: 0.833
acc: 0.150, TP: 0.150, TN: 0.000, FN: 0.000, FP: 0.850
==> 10/20 epoch, previous best: 0.150
loss: 1.4386; acc: 0.213, TP: 0.167, TN: 0.047, FN: 0.000, FP: 0.787
acc: 0.475, TP: 0.150, TN: 0.325, FN: 0.000, FP: 0.525
==> 11/20 epoch, previous best: 0.475
loss: 1.4373; acc: 0.267, TP: 0.167, TN: 0.100, FN: 0.000, FP: 0.733
acc: 0.475, TP: 0.150, TN: 0.325, FN: 0.000, FP: 0.525
==> 12/20 epoch, previous best: 0.475
loss: 1.4357; acc: 0.267, TP: 0.167, TN: 0.100, FN: 0.000, FP: 0.733
acc: 0.475, TP: 0.150, TN: 0.325, FN: 0.000, FP: 0.525
==> 13/20 epoch, previous best: 0.475
loss: 1.4335; acc: 0.267, TP: 0.167, TN: 0.100, FN: 0.000, FP: 0.733
acc: 0.475, TP: 0.150, TN: 0.325, FN: 0.000, FP: 0.525
==> 14/20 epoch, previous best: 0.475
loss: 1.4305; acc: 0.267, TP: 0.167, TN: 0.100, FN: 0.000, FP: 0.733
acc: 0.475, TP: 0.150, TN: 0.325, FN: 0.000, FP: 0.525
==> 15/20 epoch, previous best: 0.475
loss: 1.4268; acc: 0.267, TP: 0.167, TN: 0.100, FN: 0.000, FP: 0.733
acc: 0.475, TP: 0.150, TN: 0.325, FN: 0.000, FP: 0.525
==> 16/20 epoch, previous best: 0.475
loss: 1.4229; acc: 0.267, TP: 0.167, TN: 0.100, FN: 0.000, FP: 0.733
acc: 0.475, TP: 0.150, TN: 0.325, FN: 0.000, FP: 0.525
==> 17/20 epoch, previous best: 0.475
loss: 1.4201; acc: 0.267, TP: 0.167, TN: 0.100, FN: 0.000, FP: 0.733
acc: 0.475, TP: 0.150, TN: 0.325, FN: 0.000, FP: 0.525
==> 18/20 epoch, previous best: 0.475
loss: 1.4191; acc: 0.267, TP: 0.167, TN: 0.100, FN: 0.000, FP: 0.733
acc: 0.475, TP: 0.150, TN: 0.325, FN: 0.000, FP: 0.525
==> 19/20 epoch, previous best: 0.475
loss: 1.4192; acc: 0.267, TP: 0.167, TN: 0.100, FN: 0.000, FP: 0.733
acc: 0.475, TP: 0.150, TN: 0.325, FN: 0.000, FP: 0.525
==> 20/20 epoch, previous best: 0.475
loss: 1.4196; acc: 0.320, TP: 0.167, TN: 0.153, FN: 0.000, FP: 0.680
acc: 0.675, TP: 0.150, TN: 0.525, FN: 0.000, FP: 0.325
num of train batches:  44
==> 1/20 epoch, previous best: 0.000
num of train batches:  44
==> 1/20 epoch, previous best: 0.000
num of train batches:  44
==> 1/20 epoch, previous best: 0.000
num of train batches:  44
==> 1/20 epoch, previous best: 0.000
num of train batches:  44
==> 1/20 epoch, previous best: 0.000
num of train batches:  44
==> 1/20 epoch, previous best: 0.000
num of train batches:  44
==> 1/20 epoch, previous best: 0.000
num of train batches:  44
==> 1/20 epoch, previous best: 0.000
num of train batches:  44
==> 1/20 epoch, previous best: 0.000
num of train batches:  15
==> 1/20 epoch, previous best: 0.000
loss: 1.4430; acc: 0.833, TP: 0.000, TN: 0.833, FN: 0.167, FP: 0.000
acc: 0.850, TP: 0.000, TN: 0.850, FN: 0.150, FP: 0.000
==> 2/20 epoch, previous best: 0.850
loss: 1.4430; acc: 0.833, TP: 0.000, TN: 0.833, FN: 0.167, FP: 0.000
acc: 0.850, TP: 0.000, TN: 0.850, FN: 0.150, FP: 0.000
==> 3/20 epoch, previous best: 0.850
loss: 1.4430; acc: 0.833, TP: 0.000, TN: 0.833, FN: 0.167, FP: 0.000
acc: 0.850, TP: 0.000, TN: 0.850, FN: 0.150, FP: 0.000
==> 4/20 epoch, previous best: 0.850
loss: 1.4430; acc: 0.833, TP: 0.000, TN: 0.833, FN: 0.167, FP: 0.000
acc: 0.850, TP: 0.000, TN: 0.850, FN: 0.150, FP: 0.000
==> 5/20 epoch, previous best: 0.850
loss: 1.4430; acc: 0.833, TP: 0.000, TN: 0.833, FN: 0.167, FP: 0.000
acc: 0.850, TP: 0.000, TN: 0.850, FN: 0.150, FP: 0.000
==> 6/20 epoch, previous best: 0.850
loss: 1.4430; acc: 0.833, TP: 0.000, TN: 0.833, FN: 0.167, FP: 0.000
acc: 0.850, TP: 0.000, TN: 0.850, FN: 0.150, FP: 0.000
==> 7/20 epoch, previous best: 0.850
loss: 1.4430; acc: 0.833, TP: 0.000, TN: 0.833, FN: 0.167, FP: 0.000
acc: 0.850, TP: 0.000, TN: 0.850, FN: 0.150, FP: 0.000
==> 8/20 epoch, previous best: 0.850
loss: 1.4430; acc: 0.833, TP: 0.000, TN: 0.833, FN: 0.167, FP: 0.000
acc: 0.850, TP: 0.000, TN: 0.850, FN: 0.150, FP: 0.000
==> 9/20 epoch, previous best: 0.850
loss: 1.4430; acc: 0.833, TP: 0.000, TN: 0.833, FN: 0.167, FP: 0.000
acc: 0.850, TP: 0.000, TN: 0.850, FN: 0.150, FP: 0.000
==> 10/20 epoch, previous best: 0.850
loss: 1.4430; acc: 0.833, TP: 0.000, TN: 0.833, FN: 0.167, FP: 0.000
acc: 0.850, TP: 0.000, TN: 0.850, FN: 0.150, FP: 0.000
==> 11/20 epoch, previous best: 0.850
loss: 1.4430; acc: 0.833, TP: 0.000, TN: 0.833, FN: 0.167, FP: 0.000
acc: 0.850, TP: 0.000, TN: 0.850, FN: 0.150, FP: 0.000
==> 12/20 epoch, previous best: 0.850
loss: 1.4430; acc: 0.833, TP: 0.000, TN: 0.833, FN: 0.167, FP: 0.000
acc: 0.850, TP: 0.000, TN: 0.850, FN: 0.150, FP: 0.000
==> 13/20 epoch, previous best: 0.850
loss: 1.4430; acc: 0.833, TP: 0.000, TN: 0.833, FN: 0.167, FP: 0.000
acc: 0.850, TP: 0.000, TN: 0.850, FN: 0.150, FP: 0.000
==> 14/20 epoch, previous best: 0.850
loss: 1.4430; acc: 0.833, TP: 0.000, TN: 0.833, FN: 0.167, FP: 0.000
acc: 0.850, TP: 0.000, TN: 0.850, FN: 0.150, FP: 0.000
==> 15/20 epoch, previous best: 0.850
loss: 1.4430; acc: 0.833, TP: 0.000, TN: 0.833, FN: 0.167, FP: 0.000
acc: 0.850, TP: 0.000, TN: 0.850, FN: 0.150, FP: 0.000
==> 16/20 epoch, previous best: 0.850
loss: 1.4430; acc: 0.833, TP: 0.000, TN: 0.833, FN: 0.167, FP: 0.000
acc: 0.850, TP: 0.000, TN: 0.850, FN: 0.150, FP: 0.000
==> 17/20 epoch, previous best: 0.850
loss: 1.4430; acc: 0.833, TP: 0.000, TN: 0.833, FN: 0.167, FP: 0.000
acc: 0.850, TP: 0.000, TN: 0.850, FN: 0.150, FP: 0.000
==> 18/20 epoch, previous best: 0.850
loss: 1.4430; acc: 0.833, TP: 0.000, TN: 0.833, FN: 0.167, FP: 0.000
acc: 0.850, TP: 0.000, TN: 0.850, FN: 0.150, FP: 0.000
==> 19/20 epoch, previous best: 0.850
loss: 1.4430; acc: 0.833, TP: 0.000, TN: 0.833, FN: 0.167, FP: 0.000
acc: 0.850, TP: 0.000, TN: 0.850, FN: 0.150, FP: 0.000
==> 20/20 epoch, previous best: 0.850
loss: 1.4430; acc: 0.833, TP: 0.000, TN: 0.833, FN: 0.167, FP: 0.000
acc: 0.850, TP: 0.000, TN: 0.850, FN: 0.150, FP: 0.000
num of train batches:  29
==> 1/20 epoch, previous best: 0.000
num of train batches:  29
==> 1/20 epoch, previous best: 0.000
num of train batches:  29
==> 1/20 epoch, previous best: 0.000
